<?xml version="1.0" encoding="utf-8"?>
<CoverageSession>
  <Summary numSequencePoints="1091" visitedSequencePoints="317" numBranchPoints="167" visitedBranchPoints="33" sequenceCoverage="29.05" branchCoverage="19.76" maxCyclomaticComplexity="276" minCyclomaticComplexity="276" visitedClasses="36" numClasses="91" visitedMethods="51" numMethods="136" />
  <Modules>
    <Module hash="D8843655-62DD-4B5C-823C-FD1AFF4A015B">
      <ModulePath>Mp3Player.dll</ModulePath>
      <ModuleTime>2025-01-06T07:03:13</ModuleTime>
      <ModuleName>Mp3Player</ModuleName>
      <Files>
        <File uid="1" fullPath="C:\Users\user\RiderProjects\Mp3Player\Mp3Player\Program.cs" />
        <File uid="2" fullPath="C:\Users\user\RiderProjects\Mp3Player\Mp3Player\obj\Debug\net8.0\System.Text.RegularExpressions.Generator\System.Text.RegularExpressions.Generator.RegexGenerator\RegexGenerator.g.cs" />
        <File uid="3" fullPath="C:\Users\user\RiderProjects\Mp3Player\Mp3Player\ConfigBuilder.cs" />
        <File uid="4" fullPath="C:\Users\user\RiderProjects\Mp3Player\Mp3Player\TrackHandler\Track.cs" />
        <File uid="5" fullPath="C:\Users\user\RiderProjects\Mp3Player\Mp3Player\TrackHandler\TrackCreator.cs" />
        <File uid="6" fullPath="C:\Users\user\RiderProjects\Mp3Player\Mp3Player\TrackHandler\TrackDTO.cs" />
        <File uid="7" fullPath="C:\Users\user\RiderProjects\Mp3Player\Mp3Player\TrackHandler\TrackId.cs" />
        <File uid="8" fullPath="C:\Users\user\RiderProjects\Mp3Player\Mp3Player\Runners\ProgramRunner.cs" />
        <File uid="9" fullPath="C:\Users\user\RiderProjects\Mp3Player\Mp3Player\Menu\Menu.cs" />
        <File uid="10" fullPath="C:\Users\user\RiderProjects\Mp3Player\Mp3Player\Menu\MenuNavigator.cs" />
        <File uid="11" fullPath="C:\Users\user\RiderProjects\Mp3Player\Mp3Player\Menu\Pages\AdminPages.cs" />
        <File uid="12" fullPath="C:\Users\user\RiderProjects\Mp3Player\Mp3Player\Menu\Pages\UserPages.cs" />
        <File uid="13" fullPath="C:\Users\user\RiderProjects\Mp3Player\Mp3Player\Menu\Commands\ExitCommand.cs" />
        <File uid="14" fullPath="C:\Users\user\RiderProjects\Mp3Player\Mp3Player\Menu\Commands\UserCommands\FindTracksCommand.cs" />
        <File uid="15" fullPath="C:\Users\user\RiderProjects\Mp3Player\Mp3Player\Menu\Commands\UserCommands\GetAllTracksCommand.cs" />
        <File uid="16" fullPath="C:\Users\user\RiderProjects\Mp3Player\Mp3Player\Menu\Commands\UserCommands\GetHistoryCommand.cs" />
        <File uid="17" fullPath="C:\Users\user\RiderProjects\Mp3Player\Mp3Player\Menu\Commands\PlayerCommands\PauseCommand.cs" />
        <File uid="18" fullPath="C:\Users\user\RiderProjects\Mp3Player\Mp3Player\Menu\Commands\PlayerCommands\PlayCommand.cs" />
        <File uid="19" fullPath="C:\Users\user\RiderProjects\Mp3Player\Mp3Player\Menu\Commands\PlayerCommands\ResumeCommand.cs" />
        <File uid="20" fullPath="C:\Users\user\RiderProjects\Mp3Player\Mp3Player\Menu\Commands\PlayerCommands\StopCommand.cs" />
        <File uid="21" fullPath="C:\Users\user\RiderProjects\Mp3Player\Mp3Player\Menu\Commands\AdminCommands\AddTrackCommand.cs" />
        <File uid="22" fullPath="C:\Users\user\RiderProjects\Mp3Player\Mp3Player\Menu\Commands\AdminCommands\DeleteTrackCommand.cs" />
        <File uid="23" fullPath="C:\Users\user\RiderProjects\Mp3Player\Mp3Player\Menu\Buttons\Button.cs" />
        <File uid="24" fullPath="C:\Users\user\RiderProjects\Mp3Player\Mp3Player\InputReaders\AudioPathReader.cs" />
        <File uid="25" fullPath="C:\Users\user\RiderProjects\Mp3Player\Mp3Player\InputReaders\CommandReader.cs" />
        <File uid="26" fullPath="C:\Users\user\RiderProjects\Mp3Player\Mp3Player\InputReaders\ProfessorReader.cs" />
        <File uid="27" fullPath="C:\Users\user\RiderProjects\Mp3Player\Mp3Player\InputReaders\TrackIdReader.cs" />
        <File uid="28" fullPath="C:\Users\user\RiderProjects\Mp3Player\Mp3Player\InputReaders\TrackNameReader.cs" />
        <File uid="29" fullPath="C:\Users\user\RiderProjects\Mp3Player\Mp3Player\History\HistoryManager.cs" />
        <File uid="30" fullPath="C:\Users\user\RiderProjects\Mp3Player\Mp3Player\Exceptions\MissClickException.cs" />
        <File uid="31" fullPath="C:\Users\user\RiderProjects\Mp3Player\Mp3Player\Exceptions\NoDataFoundException.cs" />
        <File uid="32" fullPath="C:\Users\user\RiderProjects\Mp3Player\Mp3Player\Exceptions\WrongCommandException.cs" />
        <File uid="33" fullPath="C:\Users\user\RiderProjects\Mp3Player\Mp3Player\Exceptions\WrongDirectoryException.cs" />
        <File uid="34" fullPath="C:\Users\user\RiderProjects\Mp3Player\Mp3Player\Exceptions\WrongInputException.cs" />
        <File uid="35" fullPath="C:\Users\user\RiderProjects\Mp3Player\Mp3Player\DataBase\DataBaseDeleter.cs" />
        <File uid="36" fullPath="C:\Users\user\RiderProjects\Mp3Player\Mp3Player\DataBase\DataBaseReader.cs" />
        <File uid="37" fullPath="C:\Users\user\RiderProjects\Mp3Player\Mp3Player\DataBase\DataBaseService.cs" />
        <File uid="38" fullPath="C:\Users\user\RiderProjects\Mp3Player\Mp3Player\DataBase\DataBaseWriter.cs" />
      </Files>
      <Classes>
        <Class>
          <Summary numSequencePoints="22" visitedSequencePoints="0" numBranchPoints="4" visitedBranchPoints="0" sequenceCoverage="0" branchCoverage="0" maxCyclomaticComplexity="4" minCyclomaticComplexity="4" visitedClasses="0" numClasses="1" visitedMethods="0" numMethods="1" />
          <FullName>Program</FullName>
          <Methods>
            <Method cyclomaticComplexity="4" nPathComplexity="4" sequenceCoverage="0" branchCoverage="0" isConstructor="False" isGetter="False" isSetter="False" isStatic="True">
              <Summary numSequencePoints="22" visitedSequencePoints="0" numBranchPoints="4" visitedBranchPoints="0" sequenceCoverage="0" branchCoverage="0" maxCyclomaticComplexity="4" minCyclomaticComplexity="4" visitedClasses="0" numClasses="0" visitedMethods="0" numMethods="1" />
              <MetadataToken />
              <Name>Microsoft.Extensions.Hosting.IHostBuilder Program::&lt;&lt;Main&gt;$&gt;g__CreateHostBuilder|0_0(System.String[])</Name>
              <FileRef uid="1" />
              <SequencePoints>
                <SequencePoint vc="0" uspid="13" ordinal="0" sl="13" sc="1" el="13" ec="2" bec="0" bev="0" fileid="1" />
                <SequencePoint vc="0" uspid="14" ordinal="1" sl="14" sc="1" el="14" ec="2" bec="0" bev="0" fileid="1" />
                <SequencePoint vc="0" uspid="15" ordinal="2" sl="15" sc="1" el="15" ec="2" bec="0" bev="0" fileid="1" />
                <SequencePoint vc="0" uspid="16" ordinal="3" sl="16" sc="1" el="16" ec="2" bec="0" bev="0" fileid="1" />
                <SequencePoint vc="0" uspid="17" ordinal="4" sl="17" sc="1" el="17" ec="2" bec="0" bev="0" fileid="1" />
                <SequencePoint vc="0" uspid="18" ordinal="5" sl="18" sc="1" el="18" ec="2" bec="0" bev="0" fileid="1" />
                <SequencePoint vc="0" uspid="19" ordinal="6" sl="19" sc="1" el="19" ec="2" bec="0" bev="0" fileid="1" />
                <SequencePoint vc="0" uspid="20" ordinal="7" sl="20" sc="1" el="20" ec="2" bec="0" bev="0" fileid="1" />
                <SequencePoint vc="0" uspid="21" ordinal="8" sl="21" sc="1" el="21" ec="2" bec="0" bev="0" fileid="1" />
                <SequencePoint vc="0" uspid="22" ordinal="9" sl="22" sc="1" el="22" ec="2" bec="0" bev="0" fileid="1" />
                <SequencePoint vc="0" uspid="23" ordinal="10" sl="23" sc="1" el="23" ec="2" bec="0" bev="0" fileid="1" />
                <SequencePoint vc="0" uspid="24" ordinal="11" sl="24" sc="1" el="24" ec="2" bec="2" bev="0" fileid="1" />
                <SequencePoint vc="0" uspid="25" ordinal="12" sl="25" sc="1" el="25" ec="2" bec="0" bev="0" fileid="1" />
                <SequencePoint vc="0" uspid="26" ordinal="13" sl="26" sc="1" el="26" ec="2" bec="0" bev="0" fileid="1" />
                <SequencePoint vc="0" uspid="27" ordinal="14" sl="27" sc="1" el="27" ec="2" bec="0" bev="0" fileid="1" />
                <SequencePoint vc="0" uspid="28" ordinal="15" sl="28" sc="1" el="28" ec="2" bec="0" bev="0" fileid="1" />
                <SequencePoint vc="0" uspid="29" ordinal="16" sl="29" sc="1" el="29" ec="2" bec="0" bev="0" fileid="1" />
                <SequencePoint vc="0" uspid="30" ordinal="17" sl="30" sc="1" el="30" ec="2" bec="0" bev="0" fileid="1" />
                <SequencePoint vc="0" uspid="31" ordinal="18" sl="31" sc="1" el="31" ec="2" bec="0" bev="0" fileid="1" />
                <SequencePoint vc="0" uspid="32" ordinal="19" sl="32" sc="1" el="32" ec="2" bec="2" bev="0" fileid="1" />
                <SequencePoint vc="0" uspid="33" ordinal="20" sl="33" sc="1" el="33" ec="2" bec="0" bev="0" fileid="1" />
                <SequencePoint vc="0" uspid="34" ordinal="21" sl="34" sc="1" el="34" ec="2" bec="0" bev="0" fileid="1" />
              </SequencePoints>
              <BranchPoints>
                <BranchPoint vc="0" uspid="24" ordinal="0" path="0" offset="41" offsetend="43" sl="24" fileid="1" />
                <BranchPoint vc="0" uspid="24" ordinal="1" path="1" offset="41" offsetend="46" sl="24" fileid="1" />
                <BranchPoint vc="0" uspid="32" ordinal="0" path="0" offset="15" offsetend="17" sl="32" fileid="1" />
                <BranchPoint vc="0" uspid="32" ordinal="1" path="1" offset="15" offsetend="20" sl="32" fileid="1" />
              </BranchPoints>
              <MethodPoint vc="0" uspid="0" p8:type="SequencePoint" ordinal="0" offset="0" sc="0" sl="13" ec="1" el="34" bec="0" bev="0" fileid="1" xmlns:p8="xsi" />
            </Method>
          </Methods>
        </Class>
        <Class>
          <Summary numSequencePoints="4" visitedSequencePoints="0" numBranchPoints="0" visitedBranchPoints="0" sequenceCoverage="0" branchCoverage="100" maxCyclomaticComplexity="1" minCyclomaticComplexity="1" visitedClasses="0" numClasses="1" visitedMethods="0" numMethods="1" />
          <FullName>Program/&lt;&lt;Main&gt;$&gt;d__0</FullName>
          <Methods>
            <Method cyclomaticComplexity="1" nPathComplexity="1" sequenceCoverage="0" branchCoverage="100" isConstructor="False" isGetter="False" isSetter="False" isStatic="True">
              <Summary numSequencePoints="4" visitedSequencePoints="0" numBranchPoints="0" visitedBranchPoints="0" sequenceCoverage="0" branchCoverage="100" maxCyclomaticComplexity="1" minCyclomaticComplexity="1" visitedClasses="0" numClasses="0" visitedMethods="0" numMethods="1" />
              <MetadataToken />
              <Name>System.Void Program/&lt;&lt;Main&gt;$&gt;d__0::MoveNext()</Name>
              <FileRef uid="1" />
              <SequencePoints>
                <SequencePoint vc="0" uspid="7" ordinal="0" sl="7" sc="1" el="7" ec="2" bec="0" bev="0" fileid="1" />
                <SequencePoint vc="0" uspid="8" ordinal="1" sl="8" sc="1" el="8" ec="2" bec="0" bev="0" fileid="1" />
                <SequencePoint vc="0" uspid="9" ordinal="2" sl="9" sc="1" el="9" ec="2" bec="0" bev="0" fileid="1" />
                <SequencePoint vc="0" uspid="10" ordinal="3" sl="10" sc="1" el="10" ec="2" bec="0" bev="0" fileid="1" />
              </SequencePoints>
              <BranchPoints />
              <MethodPoint vc="0" uspid="0" p8:type="SequencePoint" ordinal="0" offset="0" sc="0" sl="7" ec="1" el="10" bec="0" bev="0" fileid="1" xmlns:p8="xsi" />
            </Method>
          </Methods>
        </Class>
        <Class>
          <Summary numSequencePoints="10" visitedSequencePoints="10" numBranchPoints="0" visitedBranchPoints="0" sequenceCoverage="100" branchCoverage="100" maxCyclomaticComplexity="1" minCyclomaticComplexity="1" visitedClasses="1" numClasses="1" visitedMethods="2" numMethods="2" />
          <FullName>System.Text.RegularExpressions.Generated.&lt;RegexGenerator_g&gt;F15E8080F4957C738B0ABA67CB3AC22D48BEA704FC625E89533A382B8ED914B76__MyRegex_0</FullName>
          <Methods>
            <Method cyclomaticComplexity="1" nPathComplexity="1" sequenceCoverage="100" branchCoverage="100" isConstructor="True" isGetter="False" isSetter="False" isStatic="True">
              <Summary numSequencePoints="9" visitedSequencePoints="9" numBranchPoints="0" visitedBranchPoints="0" sequenceCoverage="100" branchCoverage="100" maxCyclomaticComplexity="1" minCyclomaticComplexity="1" visitedClasses="0" numClasses="0" visitedMethods="1" numMethods="1" />
              <MetadataToken />
              <Name>System.Void System.Text.RegularExpressions.Generated.&lt;RegexGenerator_g&gt;F15E8080F4957C738B0ABA67CB3AC22D48BEA704FC625E89533A382B8ED914B76__MyRegex_0::.ctor()</Name>
              <FileRef uid="2" />
              <SequencePoints>
                <SequencePoint vc="1" uspid="92" ordinal="0" sl="92" sc="1" el="92" ec="2" bec="0" bev="0" fileid="2" />
                <SequencePoint vc="1" uspid="93" ordinal="1" sl="93" sc="1" el="93" ec="2" bec="0" bev="0" fileid="2" />
                <SequencePoint vc="1" uspid="94" ordinal="2" sl="94" sc="1" el="94" ec="2" bec="0" bev="0" fileid="2" />
                <SequencePoint vc="1" uspid="95" ordinal="3" sl="95" sc="1" el="95" ec="2" bec="0" bev="0" fileid="2" />
                <SequencePoint vc="1" uspid="96" ordinal="4" sl="96" sc="1" el="96" ec="2" bec="0" bev="0" fileid="2" />
                <SequencePoint vc="1" uspid="97" ordinal="5" sl="97" sc="1" el="97" ec="2" bec="0" bev="0" fileid="2" />
                <SequencePoint vc="1" uspid="98" ordinal="6" sl="98" sc="1" el="98" ec="2" bec="0" bev="0" fileid="2" />
                <SequencePoint vc="1" uspid="99" ordinal="7" sl="99" sc="1" el="99" ec="2" bec="0" bev="0" fileid="2" />
                <SequencePoint vc="1" uspid="100" ordinal="8" sl="100" sc="1" el="100" ec="2" bec="0" bev="0" fileid="2" />
              </SequencePoints>
              <BranchPoints />
              <MethodPoint vc="9" uspid="0" p8:type="SequencePoint" ordinal="0" offset="0" sc="0" sl="92" ec="1" el="100" bec="0" bev="0" fileid="2" xmlns:p8="xsi" />
            </Method>
            <Method cyclomaticComplexity="1" nPathComplexity="1" sequenceCoverage="100" branchCoverage="100" isConstructor="True" isGetter="False" isSetter="False" isStatic="True">
              <Summary numSequencePoints="1" visitedSequencePoints="1" numBranchPoints="0" visitedBranchPoints="0" sequenceCoverage="100" branchCoverage="100" maxCyclomaticComplexity="1" minCyclomaticComplexity="1" visitedClasses="0" numClasses="0" visitedMethods="1" numMethods="1" />
              <MetadataToken />
              <Name>System.Void System.Text.RegularExpressions.Generated.&lt;RegexGenerator_g&gt;F15E8080F4957C738B0ABA67CB3AC22D48BEA704FC625E89533A382B8ED914B76__MyRegex_0::.cctor()</Name>
              <FileRef uid="2" />
              <SequencePoints>
                <SequencePoint vc="1" uspid="89" ordinal="0" sl="89" sc="1" el="89" ec="2" bec="0" bev="0" fileid="2" />
              </SequencePoints>
              <BranchPoints />
              <MethodPoint vc="1" uspid="0" p8:type="SequencePoint" ordinal="1" offset="1" sc="0" sl="89" ec="1" el="89" bec="0" bev="0" fileid="2" xmlns:p8="xsi" />
            </Method>
          </Methods>
        </Class>
        <Class>
          <Summary numSequencePoints="1" visitedSequencePoints="1" numBranchPoints="0" visitedBranchPoints="0" sequenceCoverage="100" branchCoverage="100" maxCyclomaticComplexity="1" minCyclomaticComplexity="1" visitedClasses="1" numClasses="1" visitedMethods="1" numMethods="1" />
          <FullName>System.Text.RegularExpressions.Generated.&lt;RegexGenerator_g&gt;F15E8080F4957C738B0ABA67CB3AC22D48BEA704FC625E89533A382B8ED914B76__MyRegex_0/RunnerFactory</FullName>
          <Methods>
            <Method cyclomaticComplexity="1" nPathComplexity="1" sequenceCoverage="100" branchCoverage="100" isConstructor="True" isGetter="False" isSetter="False" isStatic="True">
              <Summary numSequencePoints="1" visitedSequencePoints="1" numBranchPoints="0" visitedBranchPoints="0" sequenceCoverage="100" branchCoverage="100" maxCyclomaticComplexity="1" minCyclomaticComplexity="1" visitedClasses="0" numClasses="0" visitedMethods="1" numMethods="1" />
              <MetadataToken />
              <Name>System.Text.RegularExpressions.RegexRunner System.Text.RegularExpressions.Generated.&lt;RegexGenerator_g&gt;F15E8080F4957C738B0ABA67CB3AC22D48BEA704FC625E89533A382B8ED914B76__MyRegex_0/RunnerFactory::CreateInstance()</Name>
              <FileRef uid="2" />
              <SequencePoints>
                <SequencePoint vc="1" uspid="106" ordinal="0" sl="106" sc="1" el="106" ec="2" bec="0" bev="0" fileid="2" />
              </SequencePoints>
              <BranchPoints />
              <MethodPoint vc="1" uspid="0" p8:type="SequencePoint" ordinal="0" offset="0" sc="0" sl="106" ec="1" el="106" bec="0" bev="0" fileid="2" xmlns:p8="xsi" />
            </Method>
          </Methods>
        </Class>
        <Class>
          <Summary numSequencePoints="138" visitedSequencePoints="68" numBranchPoints="53" visitedBranchPoints="22" sequenceCoverage="49.27" branchCoverage="41.5" maxCyclomaticComplexity="43" minCyclomaticComplexity="2" visitedClasses="1" numClasses="1" visitedMethods="4" numMethods="4" />
          <FullName>System.Text.RegularExpressions.Generated.&lt;RegexGenerator_g&gt;F15E8080F4957C738B0ABA67CB3AC22D48BEA704FC625E89533A382B8ED914B76__MyRegex_0/RunnerFactory/Runner</FullName>
          <Methods>
            <Method cyclomaticComplexity="4" nPathComplexity="4" sequenceCoverage="50" branchCoverage="50" isConstructor="True" isGetter="False" isSetter="False" isStatic="True">
              <Summary numSequencePoints="6" visitedSequencePoints="3" numBranchPoints="4" visitedBranchPoints="2" sequenceCoverage="50" branchCoverage="50" maxCyclomaticComplexity="4" minCyclomaticComplexity="4" visitedClasses="0" numClasses="0" visitedMethods="1" numMethods="1" />
              <MetadataToken />
              <Name>System.Void System.Text.RegularExpressions.Generated.&lt;RegexGenerator_g&gt;F15E8080F4957C738B0ABA67CB3AC22D48BEA704FC625E89533A382B8ED914B76__MyRegex_0/RunnerFactory/Runner::Scan(System.ReadOnlySpan`1&lt;System.Char&gt;)</Name>
              <FileRef uid="2" />
              <SequencePoints>
                <SequencePoint vc="1" uspid="114" ordinal="0" sl="114" sc="1" el="114" ec="2" bec="0" bev="0" fileid="2" />
                <SequencePoint vc="1" uspid="116" ordinal="1" sl="116" sc="1" el="116" ec="2" bec="4" bev="2" fileid="2" />
                <SequencePoint vc="0" uspid="117" ordinal="2" sl="117" sc="1" el="117" ec="2" bec="0" bev="0" fileid="2" />
                <SequencePoint vc="0" uspid="118" ordinal="3" sl="118" sc="1" el="118" ec="2" bec="0" bev="0" fileid="2" />
                <SequencePoint vc="0" uspid="119" ordinal="4" sl="119" sc="1" el="119" ec="2" bec="0" bev="0" fileid="2" />
                <SequencePoint vc="1" uspid="120" ordinal="5" sl="120" sc="1" el="120" ec="2" bec="0" bev="0" fileid="2" />
              </SequencePoints>
              <BranchPoints>
                <BranchPoint vc="1" uspid="116" ordinal="0" path="0" offset="8" offsetend="10" sl="116" fileid="2" />
                <BranchPoint vc="0" uspid="116" ordinal="1" path="1" offset="8" offsetend="22" sl="116" fileid="2" />
                <BranchPoint vc="0" uspid="116" ordinal="2" path="0" offset="25" offsetend="27" sl="116" fileid="2" />
                <BranchPoint vc="1" uspid="116" ordinal="3" path="1" offset="25" offsetend="42" sl="116" fileid="2" />
              </BranchPoints>
              <MethodPoint vc="3" uspid="0" p8:type="SequencePoint" ordinal="0" offset="0" sc="0" sl="114" ec="1" el="120" bec="0" bev="0" fileid="2" xmlns:p8="xsi" />
            </Method>
            <Method cyclomaticComplexity="4" nPathComplexity="4" sequenceCoverage="72.72" branchCoverage="50" isConstructor="True" isGetter="False" isSetter="False" isStatic="True">
              <Summary numSequencePoints="11" visitedSequencePoints="8" numBranchPoints="4" visitedBranchPoints="2" sequenceCoverage="72.72" branchCoverage="50" maxCyclomaticComplexity="4" minCyclomaticComplexity="4" visitedClasses="0" numClasses="0" visitedMethods="1" numMethods="1" />
              <MetadataToken />
              <Name>System.Boolean System.Text.RegularExpressions.Generated.&lt;RegexGenerator_g&gt;F15E8080F4957C738B0ABA67CB3AC22D48BEA704FC625E89533A382B8ED914B76__MyRegex_0/RunnerFactory/Runner::TryFindNextPossibleStartingPosition(System.ReadOnlySpan`1&lt;System.Char&gt;)</Name>
              <FileRef uid="2" />
              <SequencePoints>
                <SequencePoint vc="1" uspid="126" ordinal="0" sl="126" sc="1" el="126" ec="2" bec="0" bev="0" fileid="2" />
                <SequencePoint vc="1" uspid="127" ordinal="1" sl="127" sc="1" el="127" ec="2" bec="0" bev="0" fileid="2" />
                <SequencePoint vc="1" uspid="130" ordinal="2" sl="130" sc="1" el="130" ec="2" bec="2" bev="1" fileid="2" />
                <SequencePoint vc="1" uspid="131" ordinal="3" sl="131" sc="1" el="131" ec="2" bec="0" bev="0" fileid="2" />
                <SequencePoint vc="1" uspid="133" ordinal="4" sl="133" sc="1" el="133" ec="2" bec="2" bev="1" fileid="2" />
                <SequencePoint vc="1" uspid="134" ordinal="5" sl="134" sc="1" el="134" ec="2" bec="0" bev="0" fileid="2" />
                <SequencePoint vc="1" uspid="135" ordinal="6" sl="135" sc="1" el="135" ec="2" bec="0" bev="0" fileid="2" />
                <SequencePoint vc="0" uspid="137" ordinal="7" sl="137" sc="1" el="137" ec="2" bec="0" bev="0" fileid="2" />
                <SequencePoint vc="0" uspid="140" ordinal="8" sl="140" sc="1" el="140" ec="2" bec="0" bev="0" fileid="2" />
                <SequencePoint vc="0" uspid="141" ordinal="9" sl="141" sc="1" el="141" ec="2" bec="0" bev="0" fileid="2" />
                <SequencePoint vc="1" uspid="142" ordinal="10" sl="142" sc="1" el="142" ec="2" bec="0" bev="0" fileid="2" />
              </SequencePoints>
              <BranchPoints>
                <BranchPoint vc="1" uspid="130" ordinal="0" path="0" offset="25" offsetend="27" sl="130" fileid="2" />
                <BranchPoint vc="1" uspid="133" ordinal="2" path="0" offset="34" offsetend="36" sl="133" fileid="2" />
                <BranchPoint vc="0" uspid="133" ordinal="3" path="1" offset="34" offsetend="41" sl="133" fileid="2" />
                <BranchPoint vc="0" uspid="130" ordinal="1" path="1" offset="25" offsetend="42" sl="130" fileid="2" />
              </BranchPoints>
              <MethodPoint vc="8" uspid="0" p8:type="SequencePoint" ordinal="1" offset="1" sc="0" sl="126" ec="1" el="142" bec="0" bev="0" fileid="2" xmlns:p8="xsi" />
            </Method>
            <Method cyclomaticComplexity="43" nPathComplexity="43" sequenceCoverage="46.95" branchCoverage="39.53" isConstructor="True" isGetter="False" isSetter="False" isStatic="True">
              <Summary numSequencePoints="115" visitedSequencePoints="54" numBranchPoints="43" visitedBranchPoints="17" sequenceCoverage="46.95" branchCoverage="39.53" maxCyclomaticComplexity="43" minCyclomaticComplexity="43" visitedClasses="0" numClasses="0" visitedMethods="1" numMethods="1" />
              <MetadataToken />
              <Name>System.Boolean System.Text.RegularExpressions.Generated.&lt;RegexGenerator_g&gt;F15E8080F4957C738B0ABA67CB3AC22D48BEA704FC625E89533A382B8ED914B76__MyRegex_0/RunnerFactory/Runner::TryMatchAtCurrentPosition(System.ReadOnlySpan`1&lt;System.Char&gt;)</Name>
              <FileRef uid="2" />
              <SequencePoints>
                <SequencePoint vc="1" uspid="148" ordinal="0" sl="148" sc="1" el="148" ec="2" bec="0" bev="0" fileid="2" />
                <SequencePoint vc="1" uspid="149" ordinal="1" sl="149" sc="1" el="149" ec="2" bec="0" bev="0" fileid="2" />
                <SequencePoint vc="1" uspid="150" ordinal="2" sl="150" sc="1" el="150" ec="2" bec="0" bev="0" fileid="2" />
                <SequencePoint vc="1" uspid="151" ordinal="3" sl="151" sc="1" el="151" ec="2" bec="0" bev="0" fileid="2" />
                <SequencePoint vc="1" uspid="152" ordinal="4" sl="152" sc="1" el="152" ec="2" bec="0" bev="0" fileid="2" />
                <SequencePoint vc="1" uspid="153" ordinal="5" sl="153" sc="1" el="153" ec="2" bec="0" bev="0" fileid="2" />
                <SequencePoint vc="1" uspid="154" ordinal="6" sl="154" sc="1" el="154" ec="2" bec="0" bev="0" fileid="2" />
                <SequencePoint vc="1" uspid="155" ordinal="7" sl="155" sc="1" el="155" ec="2" bec="0" bev="0" fileid="2" />
                <SequencePoint vc="2" uspid="156" ordinal="8" sl="156" sc="1" el="156" ec="2" bec="0" bev="0" fileid="2" />
                <SequencePoint vc="1" uspid="157" ordinal="9" sl="157" sc="1" el="157" ec="2" bec="0" bev="0" fileid="2" />
                <SequencePoint vc="1" uspid="160" ordinal="10" sl="160" sc="1" el="160" ec="2" bec="2" bev="1" fileid="2" />
                <SequencePoint vc="0" uspid="161" ordinal="11" sl="161" sc="1" el="161" ec="2" bec="0" bev="0" fileid="2" />
                <SequencePoint vc="0" uspid="162" ordinal="12" sl="162" sc="1" el="162" ec="2" bec="0" bev="0" fileid="2" />
                <SequencePoint vc="0" uspid="163" ordinal="13" sl="163" sc="1" el="163" ec="2" bec="0" bev="0" fileid="2" />
                <SequencePoint vc="1" uspid="168" ordinal="14" sl="168" sc="1" el="168" ec="2" bec="0" bev="0" fileid="2" />
                <SequencePoint vc="1" uspid="170" ordinal="15" sl="170" sc="1" el="170" ec="2" bec="0" bev="0" fileid="2" />
                <SequencePoint vc="1" uspid="171" ordinal="16" sl="171" sc="1" el="171" ec="2" bec="2" bev="2" fileid="2" />
                <SequencePoint vc="1" uspid="172" ordinal="17" sl="172" sc="1" el="172" ec="2" bec="0" bev="0" fileid="2" />
                <SequencePoint vc="1" uspid="173" ordinal="18" sl="173" sc="1" el="173" ec="2" bec="0" bev="0" fileid="2" />
                <SequencePoint vc="1" uspid="174" ordinal="19" sl="174" sc="1" el="174" ec="2" bec="0" bev="0" fileid="2" />
                <SequencePoint vc="1" uspid="176" ordinal="20" sl="176" sc="1" el="176" ec="2" bec="0" bev="0" fileid="2" />
                <SequencePoint vc="1" uspid="177" ordinal="21" sl="177" sc="1" el="177" ec="2" bec="0" bev="0" fileid="2" />
                <SequencePoint vc="1" uspid="179" ordinal="22" sl="179" sc="1" el="179" ec="2" bec="0" bev="0" fileid="2" />
                <SequencePoint vc="1" uspid="180" ordinal="23" sl="180" sc="1" el="180" ec="2" bec="0" bev="0" fileid="2" />
                <SequencePoint vc="1" uspid="182" ordinal="24" sl="182" sc="1" el="182" ec="2" bec="0" bev="0" fileid="2" />
                <SequencePoint vc="1" uspid="183" ordinal="25" sl="183" sc="1" el="183" ec="2" bec="0" bev="0" fileid="2" />
                <SequencePoint vc="1" uspid="185" ordinal="26" sl="185" sc="1" el="185" ec="2" bec="2" bev="1" fileid="2" />
                <SequencePoint vc="0" uspid="186" ordinal="27" sl="186" sc="1" el="186" ec="2" bec="0" bev="0" fileid="2" />
                <SequencePoint vc="0" uspid="187" ordinal="28" sl="187" sc="1" el="187" ec="2" bec="0" bev="0" fileid="2" />
                <SequencePoint vc="0" uspid="188" ordinal="29" sl="188" sc="1" el="188" ec="2" bec="0" bev="0" fileid="2" />
                <SequencePoint vc="1" uspid="190" ordinal="30" sl="190" sc="1" el="190" ec="2" bec="4" bev="2" fileid="2" />
                <SequencePoint vc="1" uspid="191" ordinal="31" sl="191" sc="1" el="191" ec="2" bec="0" bev="0" fileid="2" />
                <SequencePoint vc="0" uspid="192" ordinal="32" sl="192" sc="1" el="192" ec="2" bec="0" bev="0" fileid="2" />
                <SequencePoint vc="0" uspid="193" ordinal="33" sl="193" sc="1" el="193" ec="2" bec="0" bev="0" fileid="2" />
                <SequencePoint vc="0" uspid="194" ordinal="34" sl="194" sc="1" el="194" ec="2" bec="0" bev="0" fileid="2" />
                <SequencePoint vc="1" uspid="196" ordinal="35" sl="196" sc="1" el="196" ec="2" bec="0" bev="0" fileid="2" />
                <SequencePoint vc="1" uspid="197" ordinal="36" sl="197" sc="1" el="197" ec="2" bec="0" bev="0" fileid="2" />
                <SequencePoint vc="1" uspid="198" ordinal="37" sl="198" sc="1" el="198" ec="2" bec="0" bev="0" fileid="2" />
                <SequencePoint vc="2" uspid="200" ordinal="38" sl="200" sc="1" el="200" ec="2" bec="0" bev="0" fileid="2" />
                <SequencePoint vc="2" uspid="201" ordinal="39" sl="201" sc="1" el="201" ec="2" bec="0" bev="0" fileid="2" />
                <SequencePoint vc="2" uspid="205" ordinal="40" sl="205" sc="1" el="205" ec="2" bec="4" bev="4" fileid="2" />
                <SequencePoint vc="1" uspid="206" ordinal="41" sl="206" sc="1" el="206" ec="2" bec="0" bev="0" fileid="2" />
                <SequencePoint vc="1" uspid="207" ordinal="42" sl="207" sc="1" el="207" ec="2" bec="0" bev="0" fileid="2" />
                <SequencePoint vc="1" uspid="212" ordinal="43" sl="212" sc="1" el="212" ec="2" bec="0" bev="0" fileid="2" />
                <SequencePoint vc="1" uspid="213" ordinal="44" sl="213" sc="1" el="213" ec="2" bec="0" bev="0" fileid="2" />
                <SequencePoint vc="1" uspid="214" ordinal="45" sl="214" sc="1" el="214" ec="2" bec="0" bev="0" fileid="2" />
                <SequencePoint vc="1" uspid="218" ordinal="46" sl="218" sc="1" el="218" ec="2" bec="0" bev="0" fileid="2" />
                <SequencePoint vc="1" uspid="219" ordinal="47" sl="219" sc="1" el="219" ec="2" bec="0" bev="0" fileid="2" />
                <SequencePoint vc="1" uspid="223" ordinal="48" sl="223" sc="1" el="223" ec="2" bec="4" bev="2" fileid="2" />
                <SequencePoint vc="1" uspid="224" ordinal="49" sl="224" sc="1" el="224" ec="2" bec="0" bev="0" fileid="2" />
                <SequencePoint vc="0" uspid="225" ordinal="50" sl="225" sc="1" el="225" ec="2" bec="0" bev="0" fileid="2" />
                <SequencePoint vc="0" uspid="226" ordinal="51" sl="226" sc="1" el="226" ec="2" bec="0" bev="0" fileid="2" />
                <SequencePoint vc="1" uspid="229" ordinal="52" sl="229" sc="1" el="229" ec="2" bec="0" bev="0" fileid="2" />
                <SequencePoint vc="1" uspid="230" ordinal="53" sl="230" sc="1" el="230" ec="2" bec="0" bev="0" fileid="2" />
                <SequencePoint vc="1" uspid="231" ordinal="54" sl="231" sc="1" el="231" ec="2" bec="0" bev="0" fileid="2" />
                <SequencePoint vc="1" uspid="232" ordinal="55" sl="232" sc="1" el="232" ec="2" bec="0" bev="0" fileid="2" />
                <SequencePoint vc="0" uspid="234" ordinal="56" sl="234" sc="1" el="234" ec="2" bec="0" bev="0" fileid="2" />
                <SequencePoint vc="0" uspid="235" ordinal="57" sl="235" sc="1" el="235" ec="2" bec="0" bev="0" fileid="2" />
                <SequencePoint vc="0" uspid="236" ordinal="58" sl="236" sc="1" el="236" ec="2" bec="0" bev="0" fileid="2" />
                <SequencePoint vc="0" uspid="237" ordinal="59" sl="237" sc="1" el="237" ec="2" bec="0" bev="0" fileid="2" />
                <SequencePoint vc="0" uspid="242" ordinal="60" sl="242" sc="1" el="242" ec="2" bec="4" bev="0" fileid="2" />
                <SequencePoint vc="0" uspid="243" ordinal="61" sl="243" sc="1" el="243" ec="2" bec="0" bev="0" fileid="2" />
                <SequencePoint vc="0" uspid="244" ordinal="62" sl="244" sc="1" el="244" ec="2" bec="0" bev="0" fileid="2" />
                <SequencePoint vc="0" uspid="245" ordinal="63" sl="245" sc="1" el="245" ec="2" bec="0" bev="0" fileid="2" />
                <SequencePoint vc="0" uspid="248" ordinal="64" sl="248" sc="1" el="248" ec="2" bec="0" bev="0" fileid="2" />
                <SequencePoint vc="0" uspid="249" ordinal="65" sl="249" sc="1" el="249" ec="2" bec="0" bev="0" fileid="2" />
                <SequencePoint vc="0" uspid="250" ordinal="66" sl="250" sc="1" el="250" ec="2" bec="0" bev="0" fileid="2" />
                <SequencePoint vc="0" uspid="251" ordinal="67" sl="251" sc="1" el="251" ec="2" bec="0" bev="0" fileid="2" />
                <SequencePoint vc="0" uspid="253" ordinal="68" sl="253" sc="1" el="253" ec="2" bec="0" bev="0" fileid="2" />
                <SequencePoint vc="0" uspid="254" ordinal="69" sl="254" sc="1" el="254" ec="2" bec="0" bev="0" fileid="2" />
                <SequencePoint vc="0" uspid="255" ordinal="70" sl="255" sc="1" el="255" ec="2" bec="0" bev="0" fileid="2" />
                <SequencePoint vc="0" uspid="256" ordinal="71" sl="256" sc="1" el="256" ec="2" bec="0" bev="0" fileid="2" />
                <SequencePoint vc="0" uspid="261" ordinal="72" sl="261" sc="1" el="261" ec="2" bec="4" bev="0" fileid="2" />
                <SequencePoint vc="0" uspid="262" ordinal="73" sl="262" sc="1" el="262" ec="2" bec="0" bev="0" fileid="2" />
                <SequencePoint vc="0" uspid="263" ordinal="74" sl="263" sc="1" el="263" ec="2" bec="0" bev="0" fileid="2" />
                <SequencePoint vc="0" uspid="264" ordinal="75" sl="264" sc="1" el="264" ec="2" bec="0" bev="0" fileid="2" />
                <SequencePoint vc="0" uspid="267" ordinal="76" sl="267" sc="1" el="267" ec="2" bec="0" bev="0" fileid="2" />
                <SequencePoint vc="0" uspid="268" ordinal="77" sl="268" sc="1" el="268" ec="2" bec="0" bev="0" fileid="2" />
                <SequencePoint vc="0" uspid="269" ordinal="78" sl="269" sc="1" el="269" ec="2" bec="0" bev="0" fileid="2" />
                <SequencePoint vc="0" uspid="270" ordinal="79" sl="270" sc="1" el="270" ec="2" bec="0" bev="0" fileid="2" />
                <SequencePoint vc="0" uspid="272" ordinal="80" sl="272" sc="1" el="272" ec="2" bec="0" bev="0" fileid="2" />
                <SequencePoint vc="0" uspid="273" ordinal="81" sl="273" sc="1" el="273" ec="2" bec="0" bev="0" fileid="2" />
                <SequencePoint vc="0" uspid="274" ordinal="82" sl="274" sc="1" el="274" ec="2" bec="0" bev="0" fileid="2" />
                <SequencePoint vc="0" uspid="275" ordinal="83" sl="275" sc="1" el="275" ec="2" bec="0" bev="0" fileid="2" />
                <SequencePoint vc="0" uspid="280" ordinal="84" sl="280" sc="1" el="280" ec="2" bec="4" bev="0" fileid="2" />
                <SequencePoint vc="0" uspid="281" ordinal="85" sl="281" sc="1" el="281" ec="2" bec="0" bev="0" fileid="2" />
                <SequencePoint vc="0" uspid="282" ordinal="86" sl="282" sc="1" el="282" ec="2" bec="0" bev="0" fileid="2" />
                <SequencePoint vc="0" uspid="283" ordinal="87" sl="283" sc="1" el="283" ec="2" bec="0" bev="0" fileid="2" />
                <SequencePoint vc="0" uspid="286" ordinal="88" sl="286" sc="1" el="286" ec="2" bec="0" bev="0" fileid="2" />
                <SequencePoint vc="0" uspid="287" ordinal="89" sl="287" sc="1" el="287" ec="2" bec="0" bev="0" fileid="2" />
                <SequencePoint vc="0" uspid="288" ordinal="90" sl="288" sc="1" el="288" ec="2" bec="0" bev="0" fileid="2" />
                <SequencePoint vc="0" uspid="289" ordinal="91" sl="289" sc="1" el="289" ec="2" bec="0" bev="0" fileid="2" />
                <SequencePoint vc="0" uspid="292" ordinal="92" sl="292" sc="1" el="292" ec="2" bec="0" bev="0" fileid="2" />
                <SequencePoint vc="0" uspid="293" ordinal="93" sl="293" sc="1" el="293" ec="2" bec="2" bev="0" fileid="2" />
                <SequencePoint vc="0" uspid="294" ordinal="94" sl="294" sc="1" el="294" ec="2" bec="0" bev="0" fileid="2" />
                <SequencePoint vc="0" uspid="295" ordinal="95" sl="295" sc="1" el="295" ec="2" bec="0" bev="0" fileid="2" />
                <SequencePoint vc="0" uspid="296" ordinal="96" sl="296" sc="1" el="296" ec="2" bec="0" bev="0" fileid="2" />
                <SequencePoint vc="0" uspid="298" ordinal="97" sl="298" sc="1" el="298" ec="2" bec="5" bev="2" fileid="2" />
                <SequencePoint vc="0" uspid="301" ordinal="98" sl="301" sc="1" el="301" ec="2" bec="0" bev="0" fileid="2" />
                <SequencePoint vc="0" uspid="303" ordinal="99" sl="303" sc="1" el="303" ec="2" bec="0" bev="0" fileid="2" />
                <SequencePoint vc="0" uspid="305" ordinal="100" sl="305" sc="1" el="305" ec="2" bec="0" bev="0" fileid="2" />
                <SequencePoint vc="0" uspid="307" ordinal="101" sl="307" sc="1" el="307" ec="2" bec="0" bev="0" fileid="2" />
                <SequencePoint vc="2" uspid="310" ordinal="102" sl="310" sc="1" el="310" ec="2" bec="0" bev="0" fileid="2" />
                <SequencePoint vc="1" uspid="313" ordinal="103" sl="313" sc="1" el="313" ec="2" bec="0" bev="0" fileid="2" />
                <SequencePoint vc="1" uspid="315" ordinal="104" sl="315" sc="1" el="315" ec="2" bec="0" bev="0" fileid="2" />
                <SequencePoint vc="0" uspid="317" ordinal="105" sl="317" sc="1" el="317" ec="2" bec="0" bev="0" fileid="2" />
                <SequencePoint vc="0" uspid="318" ordinal="106" sl="318" sc="1" el="318" ec="2" bec="0" bev="0" fileid="2" />
                <SequencePoint vc="2" uspid="320" ordinal="107" sl="320" sc="1" el="320" ec="2" bec="0" bev="0" fileid="2" />
                <SequencePoint vc="1" uspid="324" ordinal="108" sl="324" sc="1" el="324" ec="2" bec="6" bev="3" fileid="2" />
                <SequencePoint vc="0" uspid="325" ordinal="109" sl="325" sc="1" el="325" ec="2" bec="0" bev="0" fileid="2" />
                <SequencePoint vc="0" uspid="326" ordinal="110" sl="326" sc="1" el="326" ec="2" bec="0" bev="0" fileid="2" />
                <SequencePoint vc="1" uspid="330" ordinal="111" sl="330" sc="1" el="330" ec="2" bec="0" bev="0" fileid="2" />
                <SequencePoint vc="1" uspid="331" ordinal="112" sl="331" sc="1" el="331" ec="2" bec="0" bev="0" fileid="2" />
                <SequencePoint vc="1" uspid="332" ordinal="113" sl="332" sc="1" el="332" ec="2" bec="0" bev="0" fileid="2" />
                <SequencePoint vc="1" uspid="343" ordinal="114" sl="343" sc="1" el="343" ec="2" bec="0" bev="0" fileid="2" />
              </SequencePoints>
              <BranchPoints>
                <BranchPoint vc="0" uspid="160" ordinal="0" path="0" offset="47" offsetend="49" sl="160" fileid="2" />
                <BranchPoint vc="1" uspid="160" ordinal="1" path="1" offset="47" offsetend="66" sl="160" fileid="2" />
                <BranchPoint vc="1" uspid="171" ordinal="2" path="0" offset="89" offsetend="91" sl="171" fileid="2" />
                <BranchPoint vc="1" uspid="171" ordinal="3" path="1" offset="89" offsetend="102" sl="171" fileid="2" />
                <BranchPoint vc="1" uspid="298" ordinal="36" path="4" offset="660" offsetend="123" sl="298" fileid="2" />
                <BranchPoint vc="0" uspid="185" ordinal="4" path="0" offset="142" offsetend="144" sl="185" fileid="2" />
                <BranchPoint vc="1" uspid="185" ordinal="5" path="1" offset="142" offsetend="153" sl="185" fileid="2" />
                <BranchPoint vc="1" uspid="190" ordinal="6" path="0" offset="157" offsetend="159" sl="190" fileid="2" />
                <BranchPoint vc="0" uspid="190" ordinal="7" path="1" offset="157" offsetend="188" sl="190" fileid="2" />
                <BranchPoint vc="0" uspid="190" ordinal="8" path="0" offset="193" offsetend="195" sl="190" fileid="2" />
                <BranchPoint vc="1" uspid="190" ordinal="9" path="1" offset="193" offsetend="212" sl="190" fileid="2" />
                <BranchPoint vc="1" uspid="205" ordinal="10" path="0" offset="248" offsetend="250" sl="205" fileid="2" />
                <BranchPoint vc="1" uspid="205" ordinal="11" path="1" offset="248" offsetend="268" sl="205" fileid="2" />
                <BranchPoint vc="1" uspid="205" ordinal="12" path="0" offset="273" offsetend="275" sl="205" fileid="2" />
                <BranchPoint vc="1" uspid="205" ordinal="13" path="1" offset="273" offsetend="281" sl="205" fileid="2" />
                <BranchPoint vc="1" uspid="223" ordinal="14" path="0" offset="316" offsetend="318" sl="223" fileid="2" />
                <BranchPoint vc="0" uspid="223" ordinal="15" path="1" offset="316" offsetend="341" sl="223" fileid="2" />
                <BranchPoint vc="0" uspid="223" ordinal="16" path="0" offset="346" offsetend="348" sl="223" fileid="2" />
                <BranchPoint vc="1" uspid="223" ordinal="17" path="1" offset="346" offsetend="351" sl="223" fileid="2" />
                <BranchPoint vc="0" uspid="298" ordinal="33" path="1" offset="660" offsetend="372" sl="298" fileid="2" />
                <BranchPoint vc="0" uspid="242" ordinal="18" path="0" offset="402" offsetend="404" sl="242" fileid="2" />
                <BranchPoint vc="0" uspid="242" ordinal="19" path="1" offset="402" offsetend="427" sl="242" fileid="2" />
                <BranchPoint vc="0" uspid="242" ordinal="20" path="0" offset="432" offsetend="434" sl="242" fileid="2" />
                <BranchPoint vc="0" uspid="242" ordinal="21" path="1" offset="432" offsetend="437" sl="242" fileid="2" />
                <BranchPoint vc="0" uspid="298" ordinal="34" path="2" offset="660" offsetend="458" sl="298" fileid="2" />
                <BranchPoint vc="0" uspid="261" ordinal="22" path="0" offset="488" offsetend="490" sl="261" fileid="2" />
                <BranchPoint vc="0" uspid="261" ordinal="23" path="1" offset="488" offsetend="513" sl="261" fileid="2" />
                <BranchPoint vc="0" uspid="261" ordinal="24" path="0" offset="518" offsetend="520" sl="261" fileid="2" />
                <BranchPoint vc="0" uspid="261" ordinal="25" path="1" offset="518" offsetend="523" sl="261" fileid="2" />
                <BranchPoint vc="0" uspid="298" ordinal="35" path="3" offset="660" offsetend="544" sl="298" fileid="2" />
                <BranchPoint vc="0" uspid="280" ordinal="26" path="0" offset="574" offsetend="576" sl="280" fileid="2" />
                <BranchPoint vc="0" uspid="280" ordinal="27" path="1" offset="574" offsetend="599" sl="280" fileid="2" />
                <BranchPoint vc="0" uspid="280" ordinal="28" path="0" offset="604" offsetend="606" sl="280" fileid="2" />
                <BranchPoint vc="0" uspid="280" ordinal="29" path="1" offset="604" offsetend="612" sl="280" fileid="2" />
                <BranchPoint vc="0" uspid="293" ordinal="30" path="0" offset="640" offsetend="642" sl="293" fileid="2" />
                <BranchPoint vc="0" uspid="293" ordinal="31" path="1" offset="640" offsetend="651" sl="293" fileid="2" />
                <BranchPoint vc="1" uspid="298" ordinal="32" path="0" offset="660" offsetend="703" sl="298" fileid="2" />
                <BranchPoint vc="1" uspid="324" ordinal="37" path="0" offset="733" offsetend="735" sl="324" fileid="2" />
                <BranchPoint vc="0" uspid="324" ordinal="39" path="0" offset="743" offsetend="745" sl="324" fileid="2" />
                <BranchPoint vc="1" uspid="324" ordinal="40" path="1" offset="743" offsetend="763" sl="324" fileid="2" />
                <BranchPoint vc="0" uspid="324" ordinal="38" path="1" offset="733" offsetend="766" sl="324" fileid="2" />
                <BranchPoint vc="0" uspid="324" ordinal="41" path="0" offset="771" offsetend="773" sl="324" fileid="2" />
                <BranchPoint vc="1" uspid="324" ordinal="42" path="1" offset="771" offsetend="776" sl="324" fileid="2" />
              </BranchPoints>
              <MethodPoint vc="54" uspid="0" p8:type="SequencePoint" ordinal="2" offset="2" sc="0" sl="148" ec="1" el="343" bec="0" bev="0" fileid="2" xmlns:p8="xsi" />
            </Method>
            <Method cyclomaticComplexity="2" nPathComplexity="2" sequenceCoverage="50" branchCoverage="50" isConstructor="True" isGetter="False" isSetter="False" isStatic="True">
              <Summary numSequencePoints="6" visitedSequencePoints="3" numBranchPoints="2" visitedBranchPoints="1" sequenceCoverage="50" branchCoverage="50" maxCyclomaticComplexity="2" minCyclomaticComplexity="2" visitedClasses="0" numClasses="0" visitedMethods="1" numMethods="1" />
              <MetadataToken />
              <Name>System.Void System.Text.RegularExpressions.Generated.&lt;RegexGenerator_g&gt;F15E8080F4957C738B0ABA67CB3AC22D48BEA704FC625E89533A382B8ED914B76__MyRegex_0/RunnerFactory/Runner::&lt;TryMatchAtCurrentPosition&gt;g__UncaptureUntil|2_0(System.Int32)</Name>
              <FileRef uid="2" />
              <SequencePoints>
                <SequencePoint vc="1" uspid="337" ordinal="0" sl="337" sc="1" el="337" ec="2" bec="0" bev="0" fileid="2" />
                <SequencePoint vc="1" uspid="338" ordinal="1" sl="338" sc="1" el="338" ec="2" bec="2" bev="1" fileid="2" />
                <SequencePoint vc="0" uspid="339" ordinal="2" sl="339" sc="1" el="339" ec="2" bec="0" bev="0" fileid="2" />
                <SequencePoint vc="0" uspid="340" ordinal="3" sl="340" sc="1" el="340" ec="2" bec="0" bev="0" fileid="2" />
                <SequencePoint vc="0" uspid="341" ordinal="4" sl="341" sc="1" el="341" ec="2" bec="0" bev="0" fileid="2" />
                <SequencePoint vc="1" uspid="342" ordinal="5" sl="342" sc="1" el="342" ec="2" bec="0" bev="0" fileid="2" />
              </SequencePoints>
              <BranchPoints>
                <BranchPoint vc="0" uspid="338" ordinal="1" path="1" offset="23" offsetend="3" sl="338" fileid="2" />
                <BranchPoint vc="1" uspid="338" ordinal="0" path="0" offset="23" offsetend="25" sl="338" fileid="2" />
              </BranchPoints>
              <MethodPoint vc="3" uspid="0" p8:type="SequencePoint" ordinal="3" offset="3" sc="0" sl="337" ec="1" el="342" bec="0" bev="0" fileid="2" xmlns:p8="xsi" />
            </Method>
          </Methods>
        </Class>
        <Class>
          <Summary numSequencePoints="10" visitedSequencePoints="0" numBranchPoints="0" visitedBranchPoints="0" sequenceCoverage="0" branchCoverage="100" maxCyclomaticComplexity="1" minCyclomaticComplexity="1" visitedClasses="0" numClasses="1" visitedMethods="0" numMethods="2" />
          <FullName>System.Text.RegularExpressions.Generated.&lt;RegexGenerator_g&gt;F15E8080F4957C738B0ABA67CB3AC22D48BEA704FC625E89533A382B8ED914B76__MyRegex_1</FullName>
          <Methods>
            <Method cyclomaticComplexity="1" nPathComplexity="1" sequenceCoverage="0" branchCoverage="100" isConstructor="True" isGetter="False" isSetter="False" isStatic="True">
              <Summary numSequencePoints="9" visitedSequencePoints="0" numBranchPoints="0" visitedBranchPoints="0" sequenceCoverage="0" branchCoverage="100" maxCyclomaticComplexity="1" minCyclomaticComplexity="1" visitedClasses="0" numClasses="0" visitedMethods="0" numMethods="1" />
              <MetadataToken />
              <Name>System.Void System.Text.RegularExpressions.Generated.&lt;RegexGenerator_g&gt;F15E8080F4957C738B0ABA67CB3AC22D48BEA704FC625E89533A382B8ED914B76__MyRegex_1::.ctor()</Name>
              <FileRef uid="2" />
              <SequencePoints>
                <SequencePoint vc="0" uspid="357" ordinal="0" sl="357" sc="1" el="357" ec="2" bec="0" bev="0" fileid="2" />
                <SequencePoint vc="0" uspid="358" ordinal="1" sl="358" sc="1" el="358" ec="2" bec="0" bev="0" fileid="2" />
                <SequencePoint vc="0" uspid="359" ordinal="2" sl="359" sc="1" el="359" ec="2" bec="0" bev="0" fileid="2" />
                <SequencePoint vc="0" uspid="360" ordinal="3" sl="360" sc="1" el="360" ec="2" bec="0" bev="0" fileid="2" />
                <SequencePoint vc="0" uspid="361" ordinal="4" sl="361" sc="1" el="361" ec="2" bec="0" bev="0" fileid="2" />
                <SequencePoint vc="0" uspid="362" ordinal="5" sl="362" sc="1" el="362" ec="2" bec="0" bev="0" fileid="2" />
                <SequencePoint vc="0" uspid="363" ordinal="6" sl="363" sc="1" el="363" ec="2" bec="0" bev="0" fileid="2" />
                <SequencePoint vc="0" uspid="364" ordinal="7" sl="364" sc="1" el="364" ec="2" bec="0" bev="0" fileid="2" />
                <SequencePoint vc="0" uspid="365" ordinal="8" sl="365" sc="1" el="365" ec="2" bec="0" bev="0" fileid="2" />
              </SequencePoints>
              <BranchPoints />
              <MethodPoint vc="0" uspid="0" p8:type="SequencePoint" ordinal="0" offset="0" sc="0" sl="357" ec="1" el="365" bec="0" bev="0" fileid="2" xmlns:p8="xsi" />
            </Method>
            <Method cyclomaticComplexity="1" nPathComplexity="1" sequenceCoverage="0" branchCoverage="100" isConstructor="True" isGetter="False" isSetter="False" isStatic="True">
              <Summary numSequencePoints="1" visitedSequencePoints="0" numBranchPoints="0" visitedBranchPoints="0" sequenceCoverage="0" branchCoverage="100" maxCyclomaticComplexity="1" minCyclomaticComplexity="1" visitedClasses="0" numClasses="0" visitedMethods="0" numMethods="1" />
              <MetadataToken />
              <Name>System.Void System.Text.RegularExpressions.Generated.&lt;RegexGenerator_g&gt;F15E8080F4957C738B0ABA67CB3AC22D48BEA704FC625E89533A382B8ED914B76__MyRegex_1::.cctor()</Name>
              <FileRef uid="2" />
              <SequencePoints>
                <SequencePoint vc="0" uspid="354" ordinal="0" sl="354" sc="1" el="354" ec="2" bec="0" bev="0" fileid="2" />
              </SequencePoints>
              <BranchPoints />
              <MethodPoint vc="0" uspid="0" p8:type="SequencePoint" ordinal="1" offset="1" sc="0" sl="354" ec="1" el="354" bec="0" bev="0" fileid="2" xmlns:p8="xsi" />
            </Method>
          </Methods>
        </Class>
        <Class>
          <Summary numSequencePoints="1" visitedSequencePoints="0" numBranchPoints="0" visitedBranchPoints="0" sequenceCoverage="0" branchCoverage="100" maxCyclomaticComplexity="1" minCyclomaticComplexity="1" visitedClasses="0" numClasses="1" visitedMethods="0" numMethods="1" />
          <FullName>System.Text.RegularExpressions.Generated.&lt;RegexGenerator_g&gt;F15E8080F4957C738B0ABA67CB3AC22D48BEA704FC625E89533A382B8ED914B76__MyRegex_1/RunnerFactory</FullName>
          <Methods>
            <Method cyclomaticComplexity="1" nPathComplexity="1" sequenceCoverage="0" branchCoverage="100" isConstructor="True" isGetter="False" isSetter="False" isStatic="True">
              <Summary numSequencePoints="1" visitedSequencePoints="0" numBranchPoints="0" visitedBranchPoints="0" sequenceCoverage="0" branchCoverage="100" maxCyclomaticComplexity="1" minCyclomaticComplexity="1" visitedClasses="0" numClasses="0" visitedMethods="0" numMethods="1" />
              <MetadataToken />
              <Name>System.Text.RegularExpressions.RegexRunner System.Text.RegularExpressions.Generated.&lt;RegexGenerator_g&gt;F15E8080F4957C738B0ABA67CB3AC22D48BEA704FC625E89533A382B8ED914B76__MyRegex_1/RunnerFactory::CreateInstance()</Name>
              <FileRef uid="2" />
              <SequencePoints>
                <SequencePoint vc="0" uspid="371" ordinal="0" sl="371" sc="1" el="371" ec="2" bec="0" bev="0" fileid="2" />
              </SequencePoints>
              <BranchPoints />
              <MethodPoint vc="0" uspid="0" p8:type="SequencePoint" ordinal="0" offset="0" sc="0" sl="371" ec="1" el="371" bec="0" bev="0" fileid="2" xmlns:p8="xsi" />
            </Method>
          </Methods>
        </Class>
        <Class>
          <Summary numSequencePoints="57" visitedSequencePoints="0" numBranchPoints="38" visitedBranchPoints="0" sequenceCoverage="0" branchCoverage="0" maxCyclomaticComplexity="30" minCyclomaticComplexity="4" visitedClasses="0" numClasses="1" visitedMethods="0" numMethods="3" />
          <FullName>System.Text.RegularExpressions.Generated.&lt;RegexGenerator_g&gt;F15E8080F4957C738B0ABA67CB3AC22D48BEA704FC625E89533A382B8ED914B76__MyRegex_1/RunnerFactory/Runner</FullName>
          <Methods>
            <Method cyclomaticComplexity="4" nPathComplexity="4" sequenceCoverage="0" branchCoverage="0" isConstructor="True" isGetter="False" isSetter="False" isStatic="True">
              <Summary numSequencePoints="6" visitedSequencePoints="0" numBranchPoints="4" visitedBranchPoints="0" sequenceCoverage="0" branchCoverage="0" maxCyclomaticComplexity="4" minCyclomaticComplexity="4" visitedClasses="0" numClasses="0" visitedMethods="0" numMethods="1" />
              <MetadataToken />
              <Name>System.Void System.Text.RegularExpressions.Generated.&lt;RegexGenerator_g&gt;F15E8080F4957C738B0ABA67CB3AC22D48BEA704FC625E89533A382B8ED914B76__MyRegex_1/RunnerFactory/Runner::Scan(System.ReadOnlySpan`1&lt;System.Char&gt;)</Name>
              <FileRef uid="2" />
              <SequencePoints>
                <SequencePoint vc="0" uspid="379" ordinal="0" sl="379" sc="1" el="379" ec="2" bec="0" bev="0" fileid="2" />
                <SequencePoint vc="0" uspid="381" ordinal="1" sl="381" sc="1" el="381" ec="2" bec="4" bev="0" fileid="2" />
                <SequencePoint vc="0" uspid="382" ordinal="2" sl="382" sc="1" el="382" ec="2" bec="0" bev="0" fileid="2" />
                <SequencePoint vc="0" uspid="383" ordinal="3" sl="383" sc="1" el="383" ec="2" bec="0" bev="0" fileid="2" />
                <SequencePoint vc="0" uspid="384" ordinal="4" sl="384" sc="1" el="384" ec="2" bec="0" bev="0" fileid="2" />
                <SequencePoint vc="0" uspid="385" ordinal="5" sl="385" sc="1" el="385" ec="2" bec="0" bev="0" fileid="2" />
              </SequencePoints>
              <BranchPoints>
                <BranchPoint vc="0" uspid="381" ordinal="0" path="0" offset="8" offsetend="10" sl="381" fileid="2" />
                <BranchPoint vc="0" uspid="381" ordinal="1" path="1" offset="8" offsetend="22" sl="381" fileid="2" />
                <BranchPoint vc="0" uspid="381" ordinal="2" path="0" offset="25" offsetend="27" sl="381" fileid="2" />
                <BranchPoint vc="0" uspid="381" ordinal="3" path="1" offset="25" offsetend="42" sl="381" fileid="2" />
              </BranchPoints>
              <MethodPoint vc="0" uspid="0" p8:type="SequencePoint" ordinal="0" offset="0" sc="0" sl="379" ec="1" el="385" bec="0" bev="0" fileid="2" xmlns:p8="xsi" />
            </Method>
            <Method cyclomaticComplexity="4" nPathComplexity="4" sequenceCoverage="0" branchCoverage="0" isConstructor="True" isGetter="False" isSetter="False" isStatic="True">
              <Summary numSequencePoints="11" visitedSequencePoints="0" numBranchPoints="4" visitedBranchPoints="0" sequenceCoverage="0" branchCoverage="0" maxCyclomaticComplexity="4" minCyclomaticComplexity="4" visitedClasses="0" numClasses="0" visitedMethods="0" numMethods="1" />
              <MetadataToken />
              <Name>System.Boolean System.Text.RegularExpressions.Generated.&lt;RegexGenerator_g&gt;F15E8080F4957C738B0ABA67CB3AC22D48BEA704FC625E89533A382B8ED914B76__MyRegex_1/RunnerFactory/Runner::TryFindNextPossibleStartingPosition(System.ReadOnlySpan`1&lt;System.Char&gt;)</Name>
              <FileRef uid="2" />
              <SequencePoints>
                <SequencePoint vc="0" uspid="391" ordinal="0" sl="391" sc="1" el="391" ec="2" bec="0" bev="0" fileid="2" />
                <SequencePoint vc="0" uspid="392" ordinal="1" sl="392" sc="1" el="392" ec="2" bec="0" bev="0" fileid="2" />
                <SequencePoint vc="0" uspid="395" ordinal="2" sl="395" sc="1" el="395" ec="2" bec="2" bev="0" fileid="2" />
                <SequencePoint vc="0" uspid="396" ordinal="3" sl="396" sc="1" el="396" ec="2" bec="0" bev="0" fileid="2" />
                <SequencePoint vc="0" uspid="398" ordinal="4" sl="398" sc="1" el="398" ec="2" bec="2" bev="0" fileid="2" />
                <SequencePoint vc="0" uspid="399" ordinal="5" sl="399" sc="1" el="399" ec="2" bec="0" bev="0" fileid="2" />
                <SequencePoint vc="0" uspid="400" ordinal="6" sl="400" sc="1" el="400" ec="2" bec="0" bev="0" fileid="2" />
                <SequencePoint vc="0" uspid="402" ordinal="7" sl="402" sc="1" el="402" ec="2" bec="0" bev="0" fileid="2" />
                <SequencePoint vc="0" uspid="405" ordinal="8" sl="405" sc="1" el="405" ec="2" bec="0" bev="0" fileid="2" />
                <SequencePoint vc="0" uspid="406" ordinal="9" sl="406" sc="1" el="406" ec="2" bec="0" bev="0" fileid="2" />
                <SequencePoint vc="0" uspid="407" ordinal="10" sl="407" sc="1" el="407" ec="2" bec="0" bev="0" fileid="2" />
              </SequencePoints>
              <BranchPoints>
                <BranchPoint vc="0" uspid="395" ordinal="0" path="0" offset="25" offsetend="27" sl="395" fileid="2" />
                <BranchPoint vc="0" uspid="398" ordinal="2" path="0" offset="34" offsetend="36" sl="398" fileid="2" />
                <BranchPoint vc="0" uspid="398" ordinal="3" path="1" offset="34" offsetend="41" sl="398" fileid="2" />
                <BranchPoint vc="0" uspid="395" ordinal="1" path="1" offset="25" offsetend="42" sl="395" fileid="2" />
              </BranchPoints>
              <MethodPoint vc="0" uspid="0" p8:type="SequencePoint" ordinal="1" offset="1" sc="0" sl="391" ec="1" el="407" bec="0" bev="0" fileid="2" xmlns:p8="xsi" />
            </Method>
            <Method cyclomaticComplexity="30" nPathComplexity="30" sequenceCoverage="0" branchCoverage="0" isConstructor="True" isGetter="False" isSetter="False" isStatic="True">
              <Summary numSequencePoints="40" visitedSequencePoints="0" numBranchPoints="30" visitedBranchPoints="0" sequenceCoverage="0" branchCoverage="0" maxCyclomaticComplexity="30" minCyclomaticComplexity="30" visitedClasses="0" numClasses="0" visitedMethods="0" numMethods="1" />
              <MetadataToken />
              <Name>System.Boolean System.Text.RegularExpressions.Generated.&lt;RegexGenerator_g&gt;F15E8080F4957C738B0ABA67CB3AC22D48BEA704FC625E89533A382B8ED914B76__MyRegex_1/RunnerFactory/Runner::TryMatchAtCurrentPosition(System.ReadOnlySpan`1&lt;System.Char&gt;)</Name>
              <FileRef uid="2" />
              <SequencePoints>
                <SequencePoint vc="0" uspid="413" ordinal="0" sl="413" sc="1" el="413" ec="2" bec="0" bev="0" fileid="2" />
                <SequencePoint vc="0" uspid="414" ordinal="1" sl="414" sc="1" el="414" ec="2" bec="0" bev="0" fileid="2" />
                <SequencePoint vc="0" uspid="415" ordinal="2" sl="415" sc="1" el="415" ec="2" bec="0" bev="0" fileid="2" />
                <SequencePoint vc="0" uspid="417" ordinal="3" sl="417" sc="1" el="417" ec="2" bec="0" bev="0" fileid="2" />
                <SequencePoint vc="0" uspid="420" ordinal="4" sl="420" sc="1" el="420" ec="2" bec="2" bev="0" fileid="2" />
                <SequencePoint vc="0" uspid="421" ordinal="5" sl="421" sc="1" el="421" ec="2" bec="0" bev="0" fileid="2" />
                <SequencePoint vc="0" uspid="422" ordinal="6" sl="422" sc="1" el="422" ec="2" bec="0" bev="0" fileid="2" />
                <SequencePoint vc="0" uspid="426" ordinal="7" sl="426" sc="1" el="426" ec="2" bec="4" bev="0" fileid="2" />
                <SequencePoint vc="0" uspid="427" ordinal="8" sl="427" sc="1" el="427" ec="2" bec="0" bev="0" fileid="2" />
                <SequencePoint vc="0" uspid="428" ordinal="9" sl="428" sc="1" el="428" ec="2" bec="0" bev="0" fileid="2" />
                <SequencePoint vc="0" uspid="432" ordinal="10" sl="432" sc="1" el="432" ec="2" bec="0" bev="0" fileid="2" />
                <SequencePoint vc="0" uspid="433" ordinal="11" sl="433" sc="1" el="433" ec="2" bec="0" bev="0" fileid="2" />
                <SequencePoint vc="0" uspid="434" ordinal="12" sl="434" sc="1" el="434" ec="2" bec="0" bev="0" fileid="2" />
                <SequencePoint vc="0" uspid="435" ordinal="13" sl="435" sc="1" el="435" ec="2" bec="0" bev="0" fileid="2" />
                <SequencePoint vc="0" uspid="436" ordinal="14" sl="436" sc="1" el="436" ec="2" bec="4" bev="0" fileid="2" />
                <SequencePoint vc="0" uspid="437" ordinal="15" sl="437" sc="1" el="437" ec="2" bec="0" bev="0" fileid="2" />
                <SequencePoint vc="0" uspid="438" ordinal="16" sl="438" sc="1" el="438" ec="2" bec="0" bev="0" fileid="2" />
                <SequencePoint vc="0" uspid="439" ordinal="17" sl="439" sc="1" el="439" ec="2" bec="0" bev="0" fileid="2" />
                <SequencePoint vc="0" uspid="441" ordinal="18" sl="441" sc="1" el="441" ec="2" bec="2" bev="0" fileid="2" />
                <SequencePoint vc="0" uspid="442" ordinal="19" sl="442" sc="1" el="442" ec="2" bec="0" bev="0" fileid="2" />
                <SequencePoint vc="0" uspid="443" ordinal="20" sl="443" sc="1" el="443" ec="2" bec="0" bev="0" fileid="2" />
                <SequencePoint vc="0" uspid="446" ordinal="21" sl="446" sc="1" el="446" ec="2" bec="0" bev="0" fileid="2" />
                <SequencePoint vc="0" uspid="447" ordinal="22" sl="447" sc="1" el="447" ec="2" bec="0" bev="0" fileid="2" />
                <SequencePoint vc="0" uspid="448" ordinal="23" sl="448" sc="1" el="448" ec="2" bec="0" bev="0" fileid="2" />
                <SequencePoint vc="0" uspid="450" ordinal="24" sl="450" sc="1" el="450" ec="2" bec="12" bev="0" fileid="2" />
                <SequencePoint vc="0" uspid="451" ordinal="25" sl="451" sc="1" el="451" ec="2" bec="0" bev="0" fileid="2" />
                <SequencePoint vc="0" uspid="452" ordinal="26" sl="452" sc="1" el="452" ec="2" bec="0" bev="0" fileid="2" />
                <SequencePoint vc="0" uspid="453" ordinal="27" sl="453" sc="1" el="453" ec="2" bec="0" bev="0" fileid="2" />
                <SequencePoint vc="0" uspid="454" ordinal="28" sl="454" sc="1" el="454" ec="2" bec="0" bev="0" fileid="2" />
                <SequencePoint vc="0" uspid="455" ordinal="29" sl="455" sc="1" el="455" ec="2" bec="0" bev="0" fileid="2" />
                <SequencePoint vc="0" uspid="456" ordinal="30" sl="456" sc="1" el="456" ec="2" bec="0" bev="0" fileid="2" />
                <SequencePoint vc="0" uspid="457" ordinal="31" sl="457" sc="1" el="457" ec="2" bec="0" bev="0" fileid="2" />
                <SequencePoint vc="0" uspid="461" ordinal="32" sl="461" sc="1" el="461" ec="2" bec="6" bev="0" fileid="2" />
                <SequencePoint vc="0" uspid="462" ordinal="33" sl="462" sc="1" el="462" ec="2" bec="0" bev="0" fileid="2" />
                <SequencePoint vc="0" uspid="463" ordinal="34" sl="463" sc="1" el="463" ec="2" bec="0" bev="0" fileid="2" />
                <SequencePoint vc="0" uspid="467" ordinal="35" sl="467" sc="1" el="467" ec="2" bec="0" bev="0" fileid="2" />
                <SequencePoint vc="0" uspid="468" ordinal="36" sl="468" sc="1" el="468" ec="2" bec="0" bev="0" fileid="2" />
                <SequencePoint vc="0" uspid="469" ordinal="37" sl="469" sc="1" el="469" ec="2" bec="0" bev="0" fileid="2" />
                <SequencePoint vc="0" uspid="470" ordinal="38" sl="470" sc="1" el="470" ec="2" bec="0" bev="0" fileid="2" />
                <SequencePoint vc="0" uspid="471" ordinal="39" sl="471" sc="1" el="471" ec="2" bec="0" bev="0" fileid="2" />
              </SequencePoints>
              <BranchPoints>
                <BranchPoint vc="0" uspid="420" ordinal="0" path="0" offset="27" offsetend="29" sl="420" fileid="2" />
                <BranchPoint vc="0" uspid="420" ordinal="1" path="1" offset="27" offsetend="38" sl="420" fileid="2" />
                <BranchPoint vc="0" uspid="426" ordinal="2" path="0" offset="45" offsetend="47" sl="426" fileid="2" />
                <BranchPoint vc="0" uspid="426" ordinal="3" path="1" offset="45" offsetend="94" sl="426" fileid="2" />
                <BranchPoint vc="0" uspid="426" ordinal="4" path="0" offset="99" offsetend="101" sl="426" fileid="2" />
                <BranchPoint vc="0" uspid="426" ordinal="5" path="1" offset="99" offsetend="110" sl="426" fileid="2" />
                <BranchPoint vc="0" uspid="436" ordinal="9" path="1" offset="198" offsetend="129" sl="436" fileid="2" />
                <BranchPoint vc="0" uspid="436" ordinal="6" path="0" offset="146" offsetend="148" sl="436" fileid="2" />
                <BranchPoint vc="0" uspid="436" ordinal="7" path="1" offset="146" offsetend="193" sl="436" fileid="2" />
                <BranchPoint vc="0" uspid="436" ordinal="8" path="0" offset="198" offsetend="200" sl="436" fileid="2" />
                <BranchPoint vc="0" uspid="441" ordinal="10" path="0" offset="209" offsetend="211" sl="441" fileid="2" />
                <BranchPoint vc="0" uspid="441" ordinal="11" path="1" offset="209" offsetend="220" sl="441" fileid="2" />
                <BranchPoint vc="0" uspid="450" ordinal="12" path="0" offset="244" offsetend="249" sl="450" fileid="2" />
                <BranchPoint vc="0" uspid="450" ordinal="14" path="0" offset="260" offsetend="265" sl="450" fileid="2" />
                <BranchPoint vc="0" uspid="450" ordinal="16" path="0" offset="305" offsetend="307" sl="450" fileid="2" />
                <BranchPoint vc="0" uspid="450" ordinal="18" path="0" offset="331" offsetend="333" sl="450" fileid="2" />
                <BranchPoint vc="0" uspid="450" ordinal="20" path="0" offset="373" offsetend="375" sl="450" fileid="2" />
                <BranchPoint vc="0" uspid="450" ordinal="13" path="1" offset="244" offsetend="393" sl="450" fileid="2" />
                <BranchPoint vc="0" uspid="450" ordinal="15" path="1" offset="260" offsetend="393" sl="450" fileid="2" />
                <BranchPoint vc="0" uspid="450" ordinal="17" path="1" offset="305" offsetend="393" sl="450" fileid="2" />
                <BranchPoint vc="0" uspid="450" ordinal="19" path="1" offset="331" offsetend="393" sl="450" fileid="2" />
                <BranchPoint vc="0" uspid="450" ordinal="21" path="1" offset="373" offsetend="393" sl="450" fileid="2" />
                <BranchPoint vc="0" uspid="450" ordinal="22" path="0" offset="398" offsetend="400" sl="450" fileid="2" />
                <BranchPoint vc="0" uspid="450" ordinal="23" path="1" offset="398" offsetend="406" sl="450" fileid="2" />
                <BranchPoint vc="0" uspid="461" ordinal="24" path="0" offset="414" offsetend="416" sl="461" fileid="2" />
                <BranchPoint vc="0" uspid="461" ordinal="26" path="0" offset="424" offsetend="426" sl="461" fileid="2" />
                <BranchPoint vc="0" uspid="461" ordinal="27" path="1" offset="424" offsetend="444" sl="461" fileid="2" />
                <BranchPoint vc="0" uspid="461" ordinal="25" path="1" offset="414" offsetend="447" sl="461" fileid="2" />
                <BranchPoint vc="0" uspid="461" ordinal="28" path="0" offset="452" offsetend="454" sl="461" fileid="2" />
                <BranchPoint vc="0" uspid="461" ordinal="29" path="1" offset="452" offsetend="460" sl="461" fileid="2" />
              </BranchPoints>
              <MethodPoint vc="0" uspid="0" p8:type="SequencePoint" ordinal="2" offset="2" sc="0" sl="413" ec="1" el="471" bec="0" bev="0" fileid="2" xmlns:p8="xsi" />
            </Method>
          </Methods>
        </Class>
        <Class>
          <Summary numSequencePoints="2" visitedSequencePoints="2" numBranchPoints="2" visitedBranchPoints="1" sequenceCoverage="100" branchCoverage="50" maxCyclomaticComplexity="2" minCyclomaticComplexity="2" visitedClasses="1" numClasses="1" visitedMethods="1" numMethods="1" />
          <FullName>System.Text.RegularExpressions.Generated.&lt;RegexGenerator_g&gt;F15E8080F4957C738B0ABA67CB3AC22D48BEA704FC625E89533A382B8ED914B76__Utilities</FullName>
          <Methods>
            <Method cyclomaticComplexity="2" nPathComplexity="2" sequenceCoverage="100" branchCoverage="50" isConstructor="True" isGetter="False" isSetter="False" isStatic="True">
              <Summary numSequencePoints="2" visitedSequencePoints="2" numBranchPoints="2" visitedBranchPoints="1" sequenceCoverage="100" branchCoverage="50" maxCyclomaticComplexity="2" minCyclomaticComplexity="2" visitedClasses="0" numClasses="0" visitedMethods="1" numMethods="1" />
              <MetadataToken />
              <Name>System.Void System.Text.RegularExpressions.Generated.&lt;RegexGenerator_g&gt;F15E8080F4957C738B0ABA67CB3AC22D48BEA704FC625E89533A382B8ED914B76__Utilities::.cctor()</Name>
              <FileRef uid="2" />
              <SequencePoints>
                <SequencePoint vc="1" uspid="482" ordinal="0" sl="482" sc="1" el="482" ec="2" bec="2" bev="1" fileid="2" />
                <SequencePoint vc="1" uspid="485" ordinal="1" sl="485" sc="1" el="485" ec="2" bec="0" bev="0" fileid="2" />
              </SequencePoints>
              <BranchPoints>
                <BranchPoint vc="0" uspid="482" ordinal="0" path="0" offset="17" offsetend="19" sl="482" fileid="2" />
                <BranchPoint vc="1" uspid="482" ordinal="1" path="1" offset="17" offsetend="28" sl="482" fileid="2" />
              </BranchPoints>
              <MethodPoint vc="2" uspid="0" p8:type="SequencePoint" ordinal="0" offset="0" sc="0" sl="482" ec="1" el="485" bec="0" bev="0" fileid="2" xmlns:p8="xsi" />
            </Method>
          </Methods>
        </Class>
        <Class>
          <Summary numSequencePoints="1" visitedSequencePoints="1" numBranchPoints="0" visitedBranchPoints="0" sequenceCoverage="100" branchCoverage="100" maxCyclomaticComplexity="1" minCyclomaticComplexity="1" visitedClasses="1" numClasses="1" visitedMethods="1" numMethods="1" />
          <FullName>Mp3Player.InputReaders.AudioPathReader</FullName>
          <Methods>
            <Method cyclomaticComplexity="1" nPathComplexity="1" sequenceCoverage="100" branchCoverage="100" isConstructor="False" isGetter="False" isSetter="False" isStatic="True">
              <Summary numSequencePoints="1" visitedSequencePoints="1" numBranchPoints="0" visitedBranchPoints="0" sequenceCoverage="100" branchCoverage="100" maxCyclomaticComplexity="1" minCyclomaticComplexity="1" visitedClasses="0" numClasses="0" visitedMethods="1" numMethods="1" />
              <MetadataToken />
              <Name>System.Text.RegularExpressions.Regex Mp3Player.InputReaders.AudioPathReader::MyRegex()</Name>
              <FileRef uid="2" />
              <SequencePoints>
                <SequencePoint vc="1" uspid="43" ordinal="0" sl="43" sc="1" el="43" ec="2" bec="0" bev="0" fileid="2" />
              </SequencePoints>
              <BranchPoints />
              <MethodPoint vc="1" uspid="0" p8:type="SequencePoint" ordinal="0" offset="0" sc="0" sl="43" ec="1" el="43" bec="0" bev="0" fileid="2" xmlns:p8="xsi" />
            </Method>
          </Methods>
        </Class>
        <Class>
          <Summary numSequencePoints="1" visitedSequencePoints="0" numBranchPoints="0" visitedBranchPoints="0" sequenceCoverage="0" branchCoverage="100" maxCyclomaticComplexity="1" minCyclomaticComplexity="1" visitedClasses="0" numClasses="1" visitedMethods="0" numMethods="1" />
          <FullName>Mp3Player.InputReaders.ProfessorReader</FullName>
          <Methods>
            <Method cyclomaticComplexity="1" nPathComplexity="1" sequenceCoverage="0" branchCoverage="100" isConstructor="False" isGetter="False" isSetter="False" isStatic="True">
              <Summary numSequencePoints="1" visitedSequencePoints="0" numBranchPoints="0" visitedBranchPoints="0" sequenceCoverage="0" branchCoverage="100" maxCyclomaticComplexity="1" minCyclomaticComplexity="1" visitedClasses="0" numClasses="0" visitedMethods="0" numMethods="1" />
              <MetadataToken />
              <Name>System.Text.RegularExpressions.Regex Mp3Player.InputReaders.ProfessorReader::MyRegex()</Name>
              <FileRef uid="2" />
              <SequencePoints>
                <SequencePoint vc="0" uspid="68" ordinal="0" sl="68" sc="1" el="68" ec="2" bec="0" bev="0" fileid="2" />
              </SequencePoints>
              <BranchPoints />
              <MethodPoint vc="0" uspid="0" p8:type="SequencePoint" ordinal="0" offset="0" sc="0" sl="68" ec="1" el="68" bec="0" bev="0" fileid="2" xmlns:p8="xsi" />
            </Method>
          </Methods>
        </Class>
        <Class>
          <Summary numSequencePoints="8" visitedSequencePoints="0" numBranchPoints="0" visitedBranchPoints="0" sequenceCoverage="0" branchCoverage="100" maxCyclomaticComplexity="1" minCyclomaticComplexity="1" visitedClasses="0" numClasses="1" visitedMethods="0" numMethods="2" />
          <FullName>Mp3Player.ConfigBuilder</FullName>
          <Methods>
            <Method cyclomaticComplexity="1" nPathComplexity="1" sequenceCoverage="0" branchCoverage="100" isConstructor="False" isGetter="True" isSetter="False" isStatic="True">
              <Summary numSequencePoints="1" visitedSequencePoints="0" numBranchPoints="0" visitedBranchPoints="0" sequenceCoverage="0" branchCoverage="100" maxCyclomaticComplexity="1" minCyclomaticComplexity="1" visitedClasses="0" numClasses="0" visitedMethods="0" numMethods="1" />
              <MetadataToken />
              <Name>System.String Mp3Player.ConfigBuilder::get_DefaultConnection()</Name>
              <FileRef uid="3" />
              <SequencePoints>
                <SequencePoint vc="0" uspid="14" ordinal="0" sl="14" sc="1" el="14" ec="2" bec="0" bev="0" fileid="3" />
              </SequencePoints>
              <BranchPoints />
              <MethodPoint vc="0" uspid="0" p8:type="SequencePoint" ordinal="0" offset="0" sc="0" sl="14" ec="1" el="14" bec="0" bev="0" fileid="3" xmlns:p8="xsi" />
            </Method>
            <Method cyclomaticComplexity="1" nPathComplexity="1" sequenceCoverage="0" branchCoverage="100" isConstructor="True" isGetter="False" isSetter="False" isStatic="True">
              <Summary numSequencePoints="7" visitedSequencePoints="0" numBranchPoints="0" visitedBranchPoints="0" sequenceCoverage="0" branchCoverage="100" maxCyclomaticComplexity="1" minCyclomaticComplexity="1" visitedClasses="0" numClasses="0" visitedMethods="0" numMethods="1" />
              <MetadataToken />
              <Name>System.Void Mp3Player.ConfigBuilder::.cctor()</Name>
              <FileRef uid="3" />
              <SequencePoints>
                <SequencePoint vc="0" uspid="7" ordinal="0" sl="7" sc="1" el="7" ec="2" bec="0" bev="0" fileid="3" />
                <SequencePoint vc="0" uspid="8" ordinal="1" sl="8" sc="1" el="8" ec="2" bec="0" bev="0" fileid="3" />
                <SequencePoint vc="0" uspid="9" ordinal="2" sl="9" sc="1" el="9" ec="2" bec="0" bev="0" fileid="3" />
                <SequencePoint vc="0" uspid="10" ordinal="3" sl="10" sc="1" el="10" ec="2" bec="0" bev="0" fileid="3" />
                <SequencePoint vc="0" uspid="11" ordinal="4" sl="11" sc="1" el="11" ec="2" bec="0" bev="0" fileid="3" />
                <SequencePoint vc="0" uspid="12" ordinal="5" sl="12" sc="1" el="12" ec="2" bec="0" bev="0" fileid="3" />
                <SequencePoint vc="0" uspid="13" ordinal="6" sl="13" sc="1" el="13" ec="2" bec="0" bev="0" fileid="3" />
              </SequencePoints>
              <BranchPoints />
              <MethodPoint vc="0" uspid="0" p8:type="SequencePoint" ordinal="1" offset="1" sc="0" sl="7" ec="1" el="13" bec="0" bev="0" fileid="3" xmlns:p8="xsi" />
            </Method>
          </Methods>
        </Class>
        <Class>
          <Summary numSequencePoints="1" visitedSequencePoints="1" numBranchPoints="0" visitedBranchPoints="0" sequenceCoverage="100" branchCoverage="100" maxCyclomaticComplexity="1" minCyclomaticComplexity="1" visitedClasses="1" numClasses="1" visitedMethods="1" numMethods="1" />
          <FullName>Mp3Player.TrackHandler.Track</FullName>
          <Methods>
            <Method cyclomaticComplexity="1" nPathComplexity="1" sequenceCoverage="100" branchCoverage="100" isConstructor="False" isGetter="True" isSetter="False" isStatic="True">
              <Summary numSequencePoints="1" visitedSequencePoints="1" numBranchPoints="0" visitedBranchPoints="0" sequenceCoverage="100" branchCoverage="100" maxCyclomaticComplexity="1" minCyclomaticComplexity="1" visitedClasses="0" numClasses="0" visitedMethods="1" numMethods="1" />
              <MetadataToken />
              <Name>System.String Mp3Player.TrackHandler.Track::get_Professor()</Name>
              <FileRef uid="4" />
              <SequencePoints>
                <SequencePoint vc="31" uspid="2" ordinal="0" sl="2" sc="1" el="2" ec="2" bec="0" bev="0" fileid="4" />
              </SequencePoints>
              <BranchPoints />
              <MethodPoint vc="1" uspid="0" p8:type="SequencePoint" ordinal="0" offset="0" sc="0" sl="2" ec="1" el="2" bec="0" bev="0" fileid="4" xmlns:p8="xsi" />
            </Method>
          </Methods>
        </Class>
        <Class>
          <Summary numSequencePoints="8" visitedSequencePoints="0" numBranchPoints="0" visitedBranchPoints="0" sequenceCoverage="0" branchCoverage="100" maxCyclomaticComplexity="1" minCyclomaticComplexity="1" visitedClasses="0" numClasses="1" visitedMethods="0" numMethods="1" />
          <FullName>Mp3Player.TrackHandler.TrackCreator</FullName>
          <Methods>
            <Method cyclomaticComplexity="1" nPathComplexity="1" sequenceCoverage="0" branchCoverage="100" isConstructor="True" isGetter="False" isSetter="False" isStatic="True">
              <Summary numSequencePoints="8" visitedSequencePoints="0" numBranchPoints="0" visitedBranchPoints="0" sequenceCoverage="0" branchCoverage="100" maxCyclomaticComplexity="1" minCyclomaticComplexity="1" visitedClasses="0" numClasses="0" visitedMethods="0" numMethods="1" />
              <MetadataToken />
              <Name>System.Void Mp3Player.TrackHandler.TrackCreator::.ctor(Mp3Player.InputReaders.IProfessorReader,Mp3Player.InputReaders.IReader`1&lt;System.String&gt;,Mp3Player.InputReaders.IAudioPathReader,Microsoft.Extensions.Logging.ILogger)</Name>
              <FileRef uid="5" />
              <SequencePoints>
                <SequencePoint vc="0" uspid="13" ordinal="0" sl="13" sc="1" el="13" ec="2" bec="0" bev="0" fileid="5" />
                <SequencePoint vc="0" uspid="14" ordinal="1" sl="14" sc="1" el="14" ec="2" bec="0" bev="0" fileid="5" />
                <SequencePoint vc="0" uspid="15" ordinal="2" sl="15" sc="1" el="15" ec="2" bec="0" bev="0" fileid="5" />
                <SequencePoint vc="0" uspid="16" ordinal="3" sl="16" sc="1" el="16" ec="2" bec="0" bev="0" fileid="5" />
                <SequencePoint vc="0" uspid="17" ordinal="4" sl="17" sc="1" el="17" ec="2" bec="0" bev="0" fileid="5" />
                <SequencePoint vc="0" uspid="18" ordinal="5" sl="18" sc="1" el="18" ec="2" bec="0" bev="0" fileid="5" />
                <SequencePoint vc="0" uspid="19" ordinal="6" sl="19" sc="1" el="19" ec="2" bec="0" bev="0" fileid="5" />
                <SequencePoint vc="0" uspid="20" ordinal="7" sl="20" sc="1" el="20" ec="2" bec="0" bev="0" fileid="5" />
              </SequencePoints>
              <BranchPoints />
              <MethodPoint vc="0" uspid="0" p8:type="SequencePoint" ordinal="0" offset="0" sc="0" sl="13" ec="1" el="20" bec="0" bev="0" fileid="5" xmlns:p8="xsi" />
            </Method>
          </Methods>
        </Class>
        <Class>
          <Summary numSequencePoints="12" visitedSequencePoints="0" numBranchPoints="0" visitedBranchPoints="0" sequenceCoverage="0" branchCoverage="100" maxCyclomaticComplexity="1" minCyclomaticComplexity="1" visitedClasses="0" numClasses="1" visitedMethods="0" numMethods="1" />
          <FullName>Mp3Player.TrackHandler.TrackCreator/&lt;NewTrack&gt;d__5</FullName>
          <Methods>
            <Method cyclomaticComplexity="1" nPathComplexity="1" sequenceCoverage="0" branchCoverage="100" isConstructor="False" isGetter="False" isSetter="False" isStatic="True">
              <Summary numSequencePoints="12" visitedSequencePoints="0" numBranchPoints="0" visitedBranchPoints="0" sequenceCoverage="0" branchCoverage="100" maxCyclomaticComplexity="1" minCyclomaticComplexity="1" visitedClasses="0" numClasses="0" visitedMethods="0" numMethods="1" />
              <MetadataToken />
              <Name>System.Void Mp3Player.TrackHandler.TrackCreator/&lt;NewTrack&gt;d__5::MoveNext()</Name>
              <FileRef uid="5" />
              <SequencePoints>
                <SequencePoint vc="0" uspid="23" ordinal="0" sl="23" sc="1" el="23" ec="2" bec="0" bev="0" fileid="5" />
[...]
              <Summary numSequencePoints="6" visitedSequencePoints="6" numBranchPoints="0" visitedBranchPoints="0" sequenceCoverage="100" branchCoverage="100" maxCyclomaticComplexity="1" minCyclomaticComplexity="1" visitedClasses="0" numClasses="0" visitedMethods="1" numMethods="1" />
              <MetadataToken />
              <Name>Mp3Player.TrackHandler.Track Mp3Player.DataBase.DataBaseReader/&lt;&gt;c::&lt;GetProfessorTracks&gt;b__4_0(Mp3Player.TrackHandler.TrackDto)</Name>
              <FileRef uid="36" />
              <SequencePoints>
                <SequencePoint vc="2" uspid="37" ordinal="0" sl="37" sc="1" el="37" ec="2" bec="0" bev="0" fileid="36" />
                <SequencePoint vc="2" uspid="38" ordinal="1" sl="38" sc="1" el="38" ec="2" bec="0" bev="0" fileid="36" />
                <SequencePoint vc="2" uspid="39" ordinal="2" sl="39" sc="1" el="39" ec="2" bec="0" bev="0" fileid="36" />
                <SequencePoint vc="2" uspid="40" ordinal="3" sl="40" sc="1" el="40" ec="2" bec="0" bev="0" fileid="36" />
                <SequencePoint vc="2" uspid="41" ordinal="4" sl="41" sc="1" el="41" ec="2" bec="0" bev="0" fileid="36" />
                <SequencePoint vc="2" uspid="42" ordinal="5" sl="42" sc="1" el="42" ec="2" bec="0" bev="0" fileid="36" />
              </SequencePoints>
              <BranchPoints />
              <MethodPoint vc="6" uspid="0" p8:type="SequencePoint" ordinal="1" offset="1" sc="0" sl="37" ec="1" el="42" bec="0" bev="0" fileid="36" xmlns:p8="xsi" />
            </Method>
          </Methods>
        </Class>
        <Class>
          <Summary numSequencePoints="8" visitedSequencePoints="8" numBranchPoints="0" visitedBranchPoints="0" sequenceCoverage="100" branchCoverage="100" maxCyclomaticComplexity="1" minCyclomaticComplexity="1" visitedClasses="1" numClasses="1" visitedMethods="1" numMethods="1" />
          <FullName>Mp3Player.DataBase.DataBaseReader/&lt;GetProfessorTracks&gt;d__4</FullName>
          <Methods>
            <Method cyclomaticComplexity="1" nPathComplexity="1" sequenceCoverage="100" branchCoverage="100" isConstructor="False" isGetter="False" isSetter="False" isStatic="True">
              <Summary numSequencePoints="8" visitedSequencePoints="8" numBranchPoints="0" visitedBranchPoints="0" sequenceCoverage="100" branchCoverage="100" maxCyclomaticComplexity="1" minCyclomaticComplexity="1" visitedClasses="0" numClasses="0" visitedMethods="1" numMethods="1" />
              <MetadataToken />
              <Name>System.Void Mp3Player.DataBase.DataBaseReader/&lt;GetProfessorTracks&gt;d__4::MoveNext()</Name>
              <FileRef uid="36" />
              <SequencePoints>
                <SequencePoint vc="1" uspid="32" ordinal="0" sl="32" sc="1" el="32" ec="2" bec="0" bev="0" fileid="36" />
                <SequencePoint vc="1" uspid="33" ordinal="1" sl="33" sc="1" el="33" ec="2" bec="0" bev="0" fileid="36" />
                <SequencePoint vc="1" uspid="34" ordinal="2" sl="34" sc="1" el="34" ec="2" bec="0" bev="0" fileid="36" />
                <SequencePoint vc="1" uspid="35" ordinal="3" sl="35" sc="1" el="35" ec="2" bec="0" bev="0" fileid="36" />
                <SequencePoint vc="1" uspid="36" ordinal="4" sl="36" sc="1" el="36" ec="2" bec="0" bev="0" fileid="36" />
                <SequencePoint vc="1" uspid="43" ordinal="5" sl="43" sc="1" el="43" ec="2" bec="0" bev="0" fileid="36" />
                <SequencePoint vc="1" uspid="44" ordinal="6" sl="44" sc="1" el="44" ec="2" bec="0" bev="0" fileid="36" />
                <SequencePoint vc="1" uspid="45" ordinal="7" sl="45" sc="1" el="45" ec="2" bec="0" bev="0" fileid="36" />
              </SequencePoints>
              <BranchPoints />
              <MethodPoint vc="8" uspid="0" p8:type="SequencePoint" ordinal="0" offset="0" sc="0" sl="32" ec="1" el="45" bec="0" bev="0" fileid="36" xmlns:p8="xsi" />
            </Method>
          </Methods>
        </Class>
        <Class>
          <Summary numSequencePoints="18" visitedSequencePoints="15" numBranchPoints="2" visitedBranchPoints="1" sequenceCoverage="83.33" branchCoverage="50" maxCyclomaticComplexity="2" minCyclomaticComplexity="2" visitedClasses="1" numClasses="1" visitedMethods="1" numMethods="1" />
          <FullName>Mp3Player.DataBase.DataBaseReader/&lt;GetTrack&gt;d__5</FullName>
          <Methods>
            <Method cyclomaticComplexity="2" nPathComplexity="2" sequenceCoverage="83.33" branchCoverage="50" isConstructor="False" isGetter="False" isSetter="False" isStatic="True">
              <Summary numSequencePoints="18" visitedSequencePoints="15" numBranchPoints="2" visitedBranchPoints="1" sequenceCoverage="83.33" branchCoverage="50" maxCyclomaticComplexity="2" minCyclomaticComplexity="2" visitedClasses="0" numClasses="0" visitedMethods="1" numMethods="1" />
              <MetadataToken />
              <Name>System.Void Mp3Player.DataBase.DataBaseReader/&lt;GetTrack&gt;d__5::MoveNext()</Name>
              <FileRef uid="36" />
              <SequencePoints>
                <SequencePoint vc="1" uspid="49" ordinal="0" sl="49" sc="1" el="49" ec="2" bec="0" bev="0" fileid="36" />
                <SequencePoint vc="1" uspid="50" ordinal="1" sl="50" sc="1" el="50" ec="2" bec="0" bev="0" fileid="36" />
                <SequencePoint vc="1" uspid="51" ordinal="2" sl="51" sc="1" el="51" ec="2" bec="0" bev="0" fileid="36" />
                <SequencePoint vc="1" uspid="52" ordinal="3" sl="52" sc="1" el="52" ec="2" bec="0" bev="0" fileid="36" />
                <SequencePoint vc="1" uspid="53" ordinal="4" sl="53" sc="1" el="53" ec="2" bec="0" bev="0" fileid="36" />
                <SequencePoint vc="1" uspid="54" ordinal="5" sl="54" sc="1" el="54" ec="2" bec="2" bev="1" fileid="36" />
                <SequencePoint vc="0" uspid="55" ordinal="6" sl="55" sc="1" el="55" ec="2" bec="0" bev="0" fileid="36" />
                <SequencePoint vc="0" uspid="56" ordinal="7" sl="56" sc="1" el="56" ec="2" bec="0" bev="0" fileid="36" />
                <SequencePoint vc="0" uspid="57" ordinal="8" sl="57" sc="1" el="57" ec="2" bec="0" bev="0" fileid="36" />
                <SequencePoint vc="1" uspid="59" ordinal="9" sl="59" sc="1" el="59" ec="2" bec="0" bev="0" fileid="36" />
                <SequencePoint vc="1" uspid="60" ordinal="10" sl="60" sc="1" el="60" ec="2" bec="0" bev="0" fileid="36" />
                <SequencePoint vc="1" uspid="61" ordinal="11" sl="61" sc="1" el="61" ec="2" bec="0" bev="0" fileid="36" />
                <SequencePoint vc="1" uspid="62" ordinal="12" sl="62" sc="1" el="62" ec="2" bec="0" bev="0" fileid="36" />
                <SequencePoint vc="1" uspid="63" ordinal="13" sl="63" sc="1" el="63" ec="2" bec="0" bev="0" fileid="36" />
                <SequencePoint vc="1" uspid="64" ordinal="14" sl="64" sc="1" el="64" ec="2" bec="0" bev="0" fileid="36" />
                <SequencePoint vc="1" uspid="65" ordinal="15" sl="65" sc="1" el="65" ec="2" bec="0" bev="0" fileid="36" />
                <SequencePoint vc="1" uspid="66" ordinal="16" sl="66" sc="1" el="66" ec="2" bec="0" bev="0" fileid="36" />
                <SequencePoint vc="1" uspid="67" ordinal="17" sl="67" sc="1" el="67" ec="2" bec="0" bev="0" fileid="36" />
              </SequencePoints>
              <BranchPoints>
                <BranchPoint vc="0" uspid="54" ordinal="0" path="0" offset="313" offsetend="315" sl="54" fileid="36" />
                <BranchPoint vc="1" uspid="54" ordinal="1" path="1" offset="313" offsetend="359" sl="54" fileid="36" />
              </BranchPoints>
              <MethodPoint vc="15" uspid="0" p8:type="SequencePoint" ordinal="0" offset="0" sc="0" sl="49" ec="1" el="67" bec="0" bev="0" fileid="36" xmlns:p8="xsi" />
            </Method>
          </Methods>
        </Class>
        <Class>
          <Summary numSequencePoints="6" visitedSequencePoints="6" numBranchPoints="0" visitedBranchPoints="0" sequenceCoverage="100" branchCoverage="100" maxCyclomaticComplexity="1" minCyclomaticComplexity="1" visitedClasses="1" numClasses="1" visitedMethods="1" numMethods="1" />
          <FullName>Mp3Player.DataBase.DataBaseReader/&lt;ReadAllTracks&gt;d__3</FullName>
          <Methods>
            <Method cyclomaticComplexity="1" nPathComplexity="1" sequenceCoverage="100" branchCoverage="100" isConstructor="False" isGetter="False" isSetter="False" isStatic="True">
              <Summary numSequencePoints="6" visitedSequencePoints="6" numBranchPoints="0" visitedBranchPoints="0" sequenceCoverage="100" branchCoverage="100" maxCyclomaticComplexity="1" minCyclomaticComplexity="1" visitedClasses="0" numClasses="0" visitedMethods="1" numMethods="1" />
              <MetadataToken />
              <Name>System.Void Mp3Player.DataBase.DataBaseReader/&lt;ReadAllTracks&gt;d__3::MoveNext()</Name>
              <FileRef uid="36" />
              <SequencePoints>
                <SequencePoint vc="1" uspid="17" ordinal="0" sl="17" sc="1" el="17" ec="2" bec="0" bev="0" fileid="36" />
                <SequencePoint vc="1" uspid="18" ordinal="1" sl="18" sc="1" el="18" ec="2" bec="0" bev="0" fileid="36" />
                <SequencePoint vc="1" uspid="19" ordinal="2" sl="19" sc="1" el="19" ec="2" bec="0" bev="0" fileid="36" />
                <SequencePoint vc="1" uspid="26" ordinal="3" sl="26" sc="1" el="26" ec="2" bec="0" bev="0" fileid="36" />
                <SequencePoint vc="1" uspid="27" ordinal="4" sl="27" sc="1" el="27" ec="2" bec="0" bev="0" fileid="36" />
                <SequencePoint vc="1" uspid="28" ordinal="5" sl="28" sc="1" el="28" ec="2" bec="0" bev="0" fileid="36" />
              </SequencePoints>
              <BranchPoints />
              <MethodPoint vc="6" uspid="0" p8:type="SequencePoint" ordinal="0" offset="0" sc="0" sl="17" ec="1" el="28" bec="0" bev="0" fileid="36" xmlns:p8="xsi" />
            </Method>
          </Methods>
        </Class>
        <Class>
          <Summary numSequencePoints="4" visitedSequencePoints="0" numBranchPoints="0" visitedBranchPoints="0" sequenceCoverage="0" branchCoverage="100" maxCyclomaticComplexity="1" minCyclomaticComplexity="1" visitedClasses="0" numClasses="1" visitedMethods="0" numMethods="1" />
          <FullName>Mp3Player.DataBase.DataBaseService</FullName>
          <Methods>
            <Method cyclomaticComplexity="1" nPathComplexity="1" sequenceCoverage="0" branchCoverage="100" isConstructor="True" isGetter="False" isSetter="False" isStatic="True">
              <Summary numSequencePoints="4" visitedSequencePoints="0" numBranchPoints="0" visitedBranchPoints="0" sequenceCoverage="0" branchCoverage="100" maxCyclomaticComplexity="1" minCyclomaticComplexity="1" visitedClasses="0" numClasses="0" visitedMethods="0" numMethods="1" />
              <MetadataToken />
              <Name>System.Void Mp3Player.DataBase.DataBaseService::.ctor(System.Data.IDbConnection)</Name>
              <FileRef uid="37" />
              <SequencePoints>
                <SequencePoint vc="0" uspid="11" ordinal="0" sl="11" sc="1" el="11" ec="2" bec="0" bev="0" fileid="37" />
                <SequencePoint vc="0" uspid="12" ordinal="1" sl="12" sc="1" el="12" ec="2" bec="0" bev="0" fileid="37" />
                <SequencePoint vc="0" uspid="13" ordinal="2" sl="13" sc="1" el="13" ec="2" bec="0" bev="0" fileid="37" />
                <SequencePoint vc="0" uspid="14" ordinal="3" sl="14" sc="1" el="14" ec="2" bec="0" bev="0" fileid="37" />
              </SequencePoints>
              <BranchPoints />
              <MethodPoint vc="0" uspid="0" p8:type="SequencePoint" ordinal="0" offset="0" sc="0" sl="11" ec="1" el="14" bec="0" bev="0" fileid="37" xmlns:p8="xsi" />
            </Method>
          </Methods>
        </Class>
        <Class>
          <Summary numSequencePoints="3" visitedSequencePoints="0" numBranchPoints="0" visitedBranchPoints="0" sequenceCoverage="0" branchCoverage="100" maxCyclomaticComplexity="1" minCyclomaticComplexity="1" visitedClasses="0" numClasses="1" visitedMethods="0" numMethods="1" />
          <FullName>Mp3Player.DataBase.DataBaseService/&lt;ExecuteAsync&gt;d__3</FullName>
          <Methods>
            <Method cyclomaticComplexity="1" nPathComplexity="1" sequenceCoverage="0" branchCoverage="100" isConstructor="False" isGetter="False" isSetter="False" isStatic="True">
              <Summary numSequencePoints="3" visitedSequencePoints="0" numBranchPoints="0" visitedBranchPoints="0" sequenceCoverage="0" branchCoverage="100" maxCyclomaticComplexity="1" minCyclomaticComplexity="1" visitedClasses="0" numClasses="0" visitedMethods="0" numMethods="1" />
              <MetadataToken />
              <Name>System.Void Mp3Player.DataBase.DataBaseService/&lt;ExecuteAsync&gt;d__3::MoveNext()</Name>
              <FileRef uid="37" />
              <SequencePoints>
                <SequencePoint vc="0" uspid="22" ordinal="0" sl="22" sc="1" el="22" ec="2" bec="0" bev="0" fileid="37" />
                <SequencePoint vc="0" uspid="23" ordinal="1" sl="23" sc="1" el="23" ec="2" bec="0" bev="0" fileid="37" />
                <SequencePoint vc="0" uspid="24" ordinal="2" sl="24" sc="1" el="24" ec="2" bec="0" bev="0" fileid="37" />
              </SequencePoints>
              <BranchPoints />
              <MethodPoint vc="0" uspid="0" p8:type="SequencePoint" ordinal="0" offset="0" sc="0" sl="22" ec="1" el="24" bec="0" bev="0" fileid="37" xmlns:p8="xsi" />
            </Method>
          </Methods>
        </Class>
        <Class>
          <Summary numSequencePoints="3" visitedSequencePoints="0" numBranchPoints="0" visitedBranchPoints="0" sequenceCoverage="0" branchCoverage="100" maxCyclomaticComplexity="1" minCyclomaticComplexity="1" visitedClasses="0" numClasses="1" visitedMethods="0" numMethods="1" />
          <FullName>Mp3Player.DataBase.DataBaseService/&lt;QueryAsync&gt;d__2`1</FullName>
          <Methods>
            <Method cyclomaticComplexity="1" nPathComplexity="1" sequenceCoverage="0" branchCoverage="100" isConstructor="False" isGetter="False" isSetter="False" isStatic="True">
              <Summary numSequencePoints="3" visitedSequencePoints="0" numBranchPoints="0" visitedBranchPoints="0" sequenceCoverage="0" branchCoverage="100" maxCyclomaticComplexity="1" minCyclomaticComplexity="1" visitedClasses="0" numClasses="0" visitedMethods="0" numMethods="1" />
              <MetadataToken />
              <Name>System.Void Mp3Player.DataBase.DataBaseService/&lt;QueryAsync&gt;d__2`1::MoveNext()</Name>
              <FileRef uid="37" />
              <SequencePoints>
                <SequencePoint vc="0" uspid="17" ordinal="0" sl="17" sc="1" el="17" ec="2" bec="0" bev="0" fileid="37" />
                <SequencePoint vc="0" uspid="18" ordinal="1" sl="18" sc="1" el="18" ec="2" bec="0" bev="0" fileid="37" />
                <SequencePoint vc="0" uspid="19" ordinal="2" sl="19" sc="1" el="19" ec="2" bec="0" bev="0" fileid="37" />
              </SequencePoints>
              <BranchPoints />
              <MethodPoint vc="0" uspid="0" p8:type="SequencePoint" ordinal="0" offset="0" sc="0" sl="17" ec="1" el="19" bec="0" bev="0" fileid="37" xmlns:p8="xsi" />
            </Method>
          </Methods>
        </Class>
        <Class>
          <Summary numSequencePoints="5" visitedSequencePoints="5" numBranchPoints="0" visitedBranchPoints="0" sequenceCoverage="100" branchCoverage="100" maxCyclomaticComplexity="1" minCyclomaticComplexity="1" visitedClasses="1" numClasses="1" visitedMethods="1" numMethods="1" />
          <FullName>Mp3Player.DataBase.DataBaseWriter</FullName>
          <Methods>
            <Method cyclomaticComplexity="1" nPathComplexity="1" sequenceCoverage="100" branchCoverage="100" isConstructor="True" isGetter="False" isSetter="False" isStatic="True">
              <Summary numSequencePoints="5" visitedSequencePoints="5" numBranchPoints="0" visitedBranchPoints="0" sequenceCoverage="100" branchCoverage="100" maxCyclomaticComplexity="1" minCyclomaticComplexity="1" visitedClasses="0" numClasses="0" visitedMethods="1" numMethods="1" />
              <MetadataToken />
              <Name>System.Void Mp3Player.DataBase.DataBaseWriter::.ctor(Mp3Player.DataBase.IDataBaseService,Microsoft.Extensions.Logging.ILogger)</Name>
              <FileRef uid="38" />
              <SequencePoints>
                <SequencePoint vc="1" uspid="12" ordinal="0" sl="12" sc="1" el="12" ec="2" bec="0" bev="0" fileid="38" />
                <SequencePoint vc="1" uspid="13" ordinal="1" sl="13" sc="1" el="13" ec="2" bec="0" bev="0" fileid="38" />
                <SequencePoint vc="1" uspid="14" ordinal="2" sl="14" sc="1" el="14" ec="2" bec="0" bev="0" fileid="38" />
                <SequencePoint vc="1" uspid="15" ordinal="3" sl="15" sc="1" el="15" ec="2" bec="0" bev="0" fileid="38" />
                <SequencePoint vc="1" uspid="16" ordinal="4" sl="16" sc="1" el="16" ec="2" bec="0" bev="0" fileid="38" />
              </SequencePoints>
              <BranchPoints />
              <MethodPoint vc="5" uspid="0" p8:type="SequencePoint" ordinal="0" offset="0" sc="0" sl="12" ec="1" el="16" bec="0" bev="0" fileid="38" xmlns:p8="xsi" />
            </Method>
          </Methods>
        </Class>
        <Class>
          <Summary numSequencePoints="10" visitedSequencePoints="10" numBranchPoints="0" visitedBranchPoints="0" sequenceCoverage="100" branchCoverage="100" maxCyclomaticComplexity="1" minCyclomaticComplexity="1" visitedClasses="1" numClasses="1" visitedMethods="1" numMethods="1" />
          <FullName>Mp3Player.DataBase.DataBaseWriter/&lt;WriteTrack&gt;d__3</FullName>
          <Methods>
            <Method cyclomaticComplexity="1" nPathComplexity="1" sequenceCoverage="100" branchCoverage="100" isConstructor="False" isGetter="False" isSetter="False" isStatic="True">
              <Summary numSequencePoints="10" visitedSequencePoints="10" numBranchPoints="0" visitedBranchPoints="0" sequenceCoverage="100" branchCoverage="100" maxCyclomaticComplexity="1" minCyclomaticComplexity="1" visitedClasses="0" numClasses="0" visitedMethods="1" numMethods="1" />
              <MetadataToken />
              <Name>System.Void Mp3Player.DataBase.DataBaseWriter/&lt;WriteTrack&gt;d__3::MoveNext()</Name>
              <FileRef uid="38" />
              <SequencePoints>
                <SequencePoint vc="1" uspid="19" ordinal="0" sl="19" sc="1" el="19" ec="2" bec="0" bev="0" fileid="38" />
                <SequencePoint vc="1" uspid="20" ordinal="1" sl="20" sc="1" el="20" ec="2" bec="0" bev="0" fileid="38" />
                <SequencePoint vc="1" uspid="26" ordinal="2" sl="26" sc="1" el="26" ec="2" bec="0" bev="0" fileid="38" />
                <SequencePoint vc="1" uspid="27" ordinal="3" sl="27" sc="1" el="27" ec="2" bec="0" bev="0" fileid="38" />
                <SequencePoint vc="1" uspid="28" ordinal="4" sl="28" sc="1" el="28" ec="2" bec="0" bev="0" fileid="38" />
                <SequencePoint vc="1" uspid="29" ordinal="5" sl="29" sc="1" el="29" ec="2" bec="0" bev="0" fileid="38" />
                <SequencePoint vc="1" uspid="30" ordinal="6" sl="30" sc="1" el="30" ec="2" bec="0" bev="0" fileid="38" />
                <SequencePoint vc="1" uspid="31" ordinal="7" sl="31" sc="1" el="31" ec="2" bec="0" bev="0" fileid="38" />
                <SequencePoint vc="1" uspid="32" ordinal="8" sl="32" sc="1" el="32" ec="2" bec="0" bev="0" fileid="38" />
                <SequencePoint vc="1" uspid="33" ordinal="9" sl="33" sc="1" el="33" ec="2" bec="0" bev="0" fileid="38" />
              </SequencePoints>
              <BranchPoints />
              <MethodPoint vc="10" uspid="0" p8:type="SequencePoint" ordinal="0" offset="0" sc="0" sl="19" ec="1" el="33" bec="0" bev="0" fileid="38" xmlns:p8="xsi" />
            </Method>
          </Methods>
        </Class>
      </Classes>
    </Module>
  </Modules>
</CoverageSession>